-------------------------------------------------------------------------------
Test set: es.uclm.esi.RunCucumberTest
-------------------------------------------------------------------------------
Tests run: 30, Failures: 0, Errors: 30, Skipped: 0, Time elapsed: 17.059 s <<< FAILURE! - in es.uclm.esi.RunCucumberTest
Roles de los usuarios de la aplicacion #1  Time elapsed: 1.22 s  <<< ERROR!
io.cucumber.junit.UndefinedStepException: 
The step "accedo con el token de usuario "admin"" is undefined. You can implement it using the snippet(s) below:

@When("accedo con el token de usuario {string}")
public void accedo_con_el_token_de_usuario(String string) {
    // Write code here that turns the phrase above into concrete actions
    throw new io.cucumber.java.PendingException();
}


Some other steps were also undefined:

@When("a recursos del rol {string}")
public void a_recursos_del_rol(String string) {
    // Write code here that turns the phrase above into concrete actions
    throw new io.cucumber.java.PendingException();
}
@Then("muestro el codigo {int}")
public void muestro_el_codigo(Integer int1) {
    // Write code here that turns the phrase above into concrete actions
    throw new io.cucumber.java.PendingException();
}


Roles de los usuarios de la aplicacion #2  Time elapsed: 0.019 s  <<< ERROR!
io.cucumber.junit.UndefinedStepException: 
The step "accedo con el token de usuario "user"" is undefined. You can implement it using the snippet(s) below:

@When("accedo con el token de usuario {string}")
public void accedo_con_el_token_de_usuario(String string) {
    // Write code here that turns the phrase above into concrete actions
    throw new io.cucumber.java.PendingException();
}


Some other steps were also undefined:

@When("a recursos del rol {string}")
public void a_recursos_del_rol(String string) {
    // Write code here that turns the phrase above into concrete actions
    throw new io.cucumber.java.PendingException();
}
@Then("muestro el codigo {int}")
public void muestro_el_codigo(Integer int1) {
    // Write code here that turns the phrase above into concrete actions
    throw new io.cucumber.java.PendingException();
}


Roles de los usuarios de la aplicacion #3  Time elapsed: 0.02 s  <<< ERROR!
io.cucumber.junit.UndefinedStepException: 
The step "accedo con el token de usuario "user"" is undefined. You can implement it using the snippet(s) below:

@When("accedo con el token de usuario {string}")
public void accedo_con_el_token_de_usuario(String string) {
    // Write code here that turns the phrase above into concrete actions
    throw new io.cucumber.java.PendingException();
}


Some other steps were also undefined:

@When("a recursos del rol {string}")
public void a_recursos_del_rol(String string) {
    // Write code here that turns the phrase above into concrete actions
    throw new io.cucumber.java.PendingException();
}
@Then("muestro el codigo {int}")
public void muestro_el_codigo(Integer int1) {
    // Write code here that turns the phrase above into concrete actions
    throw new io.cucumber.java.PendingException();
}


Roles de los usuarios de la aplicacion #4  Time elapsed: 0.063 s  <<< ERROR!
io.cucumber.junit.UndefinedStepException: 
The step "accedo con el token de usuario "?"" is undefined. You can implement it using the snippet(s) below:

@When("accedo con el token de usuario {string}")
public void accedo_con_el_token_de_usuario(String string) {
    // Write code here that turns the phrase above into concrete actions
    throw new io.cucumber.java.PendingException();
}


Some other steps were also undefined:

@When("a recursos del rol {string}")
public void a_recursos_del_rol(String string) {
    // Write code here that turns the phrase above into concrete actions
    throw new io.cucumber.java.PendingException();
}
@Then("muestro el codigo {int}")
public void muestro_el_codigo(Integer int1) {
    // Write code here that turns the phrase above into concrete actions
    throw new io.cucumber.java.PendingException();
}


Roles de los usuarios de la aplicacion #5  Time elapsed: 0.019 s  <<< ERROR!
io.cucumber.junit.UndefinedStepException: 
The step "accedo con el token de usuario "?"" is undefined. You can implement it using the snippet(s) below:

@When("accedo con el token de usuario {string}")
public void accedo_con_el_token_de_usuario(String string) {
    // Write code here that turns the phrase above into concrete actions
    throw new io.cucumber.java.PendingException();
}


Some other steps were also undefined:

@When("a recursos del rol {string}")
public void a_recursos_del_rol(String string) {
    // Write code here that turns the phrase above into concrete actions
    throw new io.cucumber.java.PendingException();
}
@Then("muestro el codigo {int}")
public void muestro_el_codigo(Integer int1) {
    // Write code here that turns the phrase above into concrete actions
    throw new io.cucumber.java.PendingException();
}


Calendario mes #1  Time elapsed: 0.02 s  <<< ERROR!
io.cucumber.junit.UndefinedStepException: 
The step "consulto con el usuario "ejemplo1c"" is undefined. You can implement it using the snippet(s) below:

@When("consulto con el usuario {string}")
public void consulto_con_el_usuario(String string) {
    // Write code here that turns the phrase above into concrete actions
    throw new io.cucumber.java.PendingException();
}


Some other steps were also undefined:

@When("el calendario mes con mes {int} y anio {int}")
public void el_calendario_mes_con_mes_y_anio(Integer int1, Integer int2) {
    // Write code here that turns the phrase above into concrete actions
    throw new io.cucumber.java.PendingException();
}
@Then("obtengo el codigo {int}")
public void obtengo_el_codigo(Integer int1) {
    // Write code here that turns the phrase above into concrete actions
    throw new io.cucumber.java.PendingException();
}
@Then("obtengo los dias {string}")
public void obtengo_los_dias(String string) {
    // Write code here that turns the phrase above into concrete actions
    throw new io.cucumber.java.PendingException();
}


Calendario mes #2  Time elapsed: 0.02 s  <<< ERROR!
io.cucumber.junit.UndefinedStepException: 
The step "consulto con el usuario "ejemplo2c"" is undefined. You can implement it using the snippet(s) below:

@When("consulto con el usuario {string}")
public void consulto_con_el_usuario(String string) {
    // Write code here that turns the phrase above into concrete actions
    throw new io.cucumber.java.PendingException();
}


Some other steps were also undefined:

@When("el calendario mes con mes {int} y anio {int}")
public void el_calendario_mes_con_mes_y_anio(Integer int1, Integer int2) {
    // Write code here that turns the phrase above into concrete actions
    throw new io.cucumber.java.PendingException();
}
@Then("obtengo el codigo {int}")
public void obtengo_el_codigo(Integer int1) {
    // Write code here that turns the phrase above into concrete actions
    throw new io.cucumber.java.PendingException();
}
@Then("obtengo los dias {string}")
public void obtengo_los_dias(String string) {
    // Write code here that turns the phrase above into concrete actions
    throw new io.cucumber.java.PendingException();
}


Calendario mes #3  Time elapsed: 0.008 s  <<< ERROR!
io.cucumber.junit.UndefinedStepException: 
The step "consulto con el usuario "ejemplo2c"" is undefined. You can implement it using the snippet(s) below:

@When("consulto con el usuario {string}")
public void consulto_con_el_usuario(String string) {
    // Write code here that turns the phrase above into concrete actions
    throw new io.cucumber.java.PendingException();
}


Some other steps were also undefined:

@When("el calendario mes con mes {int} y anio {int}")
public void el_calendario_mes_con_mes_y_anio(Integer int1, Integer int2) {
    // Write code here that turns the phrase above into concrete actions
    throw new io.cucumber.java.PendingException();
}
@Then("obtengo el codigo {int}")
public void obtengo_el_codigo(Integer int1) {
    // Write code here that turns the phrase above into concrete actions
    throw new io.cucumber.java.PendingException();
}
@Then("obtengo los dias {string}")
public void obtengo_los_dias(String string) {
    // Write code here that turns the phrase above into concrete actions
    throw new io.cucumber.java.PendingException();
}


Calendario dia #1  Time elapsed: 0.011 s  <<< ERROR!
io.cucumber.junit.UndefinedStepException: 
The step "consulto con el usuario "ejemplo1c"" is undefined. You can implement it using the snippet(s) below:

@When("consulto con el usuario {string}")
public void consulto_con_el_usuario(String string) {
    // Write code here that turns the phrase above into concrete actions
    throw new io.cucumber.java.PendingException();
}


Some other steps were also undefined:

@When("el calendario dia con dia {int} y mes {int} y anio {int}")
public void el_calendario_dia_con_dia_y_mes_y_anio(Integer int1, Integer int2, Integer int3) {
    // Write code here that turns the phrase above into concrete actions
    throw new io.cucumber.java.PendingException();
}
@Then("obtengo el codigo {int}")
public void obtengo_el_codigo(Integer int1) {
    // Write code here that turns the phrase above into concrete actions
    throw new io.cucumber.java.PendingException();
}
@Then("obtengo las reuniones {string}")
public void obtengo_las_reuniones(String string) {
    // Write code here that turns the phrase above into concrete actions
    throw new io.cucumber.java.PendingException();
}


Calendario dia #2  Time elapsed: 0.02 s  <<< ERROR!
io.cucumber.junit.UndefinedStepException: 
The step "consulto con el usuario "ejemplo1c"" is undefined. You can implement it using the snippet(s) below:

@When("consulto con el usuario {string}")
public void consulto_con_el_usuario(String string) {
    // Write code here that turns the phrase above into concrete actions
    throw new io.cucumber.java.PendingException();
}


Some other steps were also undefined:

@When("el calendario dia con dia {int} y mes {int} y anio {int}")
public void el_calendario_dia_con_dia_y_mes_y_anio(Integer int1, Integer int2, Integer int3) {
    // Write code here that turns the phrase above into concrete actions
    throw new io.cucumber.java.PendingException();
}
@Then("obtengo el codigo {int}")
public void obtengo_el_codigo(Integer int1) {
    // Write code here that turns the phrase above into concrete actions
    throw new io.cucumber.java.PendingException();
}
@Then("obtengo las reuniones {string}")
public void obtengo_las_reuniones(String string) {
    // Write code here that turns the phrase above into concrete actions
    throw new io.cucumber.java.PendingException();
}


Calendario dia #3  Time elapsed: 0.02 s  <<< ERROR!
io.cucumber.junit.UndefinedStepException: 
The step "consulto con el usuario "ejemplo2c"" is undefined. You can implement it using the snippet(s) below:

@When("consulto con el usuario {string}")
public void consulto_con_el_usuario(String string) {
    // Write code here that turns the phrase above into concrete actions
    throw new io.cucumber.java.PendingException();
}


Some other steps were also undefined:

@When("el calendario dia con dia {int} y mes {int} y anio {int}")
public void el_calendario_dia_con_dia_y_mes_y_anio(Integer int1, Integer int2, Integer int3) {
    // Write code here that turns the phrase above into concrete actions
    throw new io.cucumber.java.PendingException();
}
@Then("obtengo el codigo {int}")
public void obtengo_el_codigo(Integer int1) {
    // Write code here that turns the phrase above into concrete actions
    throw new io.cucumber.java.PendingException();
}
@Then("obtengo las reuniones {string}")
public void obtengo_las_reuniones(String string) {
    // Write code here that turns the phrase above into concrete actions
    throw new io.cucumber.java.PendingException();
}


Calendario dia #4  Time elapsed: 0.02 s  <<< ERROR!
io.cucumber.junit.UndefinedStepException: 
The step "consulto con el usuario "ejemplo2c"" is undefined. You can implement it using the snippet(s) below:

@When("consulto con el usuario {string}")
public void consulto_con_el_usuario(String string) {
    // Write code here that turns the phrase above into concrete actions
    throw new io.cucumber.java.PendingException();
}


Some other steps were also undefined:

@When("el calendario dia con dia {int} y mes {int} y anio {int}")
public void el_calendario_dia_con_dia_y_mes_y_anio(Integer int1, Integer int2, Integer int3) {
    // Write code here that turns the phrase above into concrete actions
    throw new io.cucumber.java.PendingException();
}
@Then("obtengo el codigo {int}")
public void obtengo_el_codigo(Integer int1) {
    // Write code here that turns the phrase above into concrete actions
    throw new io.cucumber.java.PendingException();
}
@Then("obtengo las reuniones {string}")
public void obtengo_las_reuniones(String string) {
    // Write code here that turns the phrase above into concrete actions
    throw new io.cucumber.java.PendingException();
}


convocar #1  Time elapsed: 0.032 s  <<< ERROR!
io.cucumber.junit.UndefinedStepException: 
The step "titulo es "Reunion 1"" is undefined. You can implement it using the snippet(s) below:

@When("titulo es {string}")
public void titulo_es(String string) {
    // Write code here that turns the phrase above into concrete actions
    throw new io.cucumber.java.PendingException();
}


Some other steps were also undefined:

@When("dia es {int}")
public void dia_es(Integer int1) {
    // Write code here that turns the phrase above into concrete actions
    throw new io.cucumber.java.PendingException();
}
@When("mes es {int}")
public void mes_es(Integer int1) {
    // Write code here that turns the phrase above into concrete actions
    throw new io.cucumber.java.PendingException();
}
@When("ano es {int}")
public void ano_es(Integer int1) {
    // Write code here that turns the phrase above into concrete actions
    throw new io.cucumber.java.PendingException();
}
@When("hora es {string}")
public void hora_es(String string) {
    // Write code here that turns the phrase above into concrete actions
    throw new io.cucumber.java.PendingException();
}
@When("descripcion es {string}")
public void descripcion_es(String string) {
    // Write code here that turns the phrase above into concrete actions
    throw new io.cucumber.java.PendingException();
}
@When("asistentes son {string}")
public void asistentes_son(String string) {
    // Write code here that turns the phrase above into concrete actions
    throw new io.cucumber.java.PendingException();
}
@Then("convoco la reunion")
public void convoco_la_reunion() {
    // Write code here that turns the phrase above into concrete actions
    throw new io.cucumber.java.PendingException();
}
@Then("la respuesta a convocar sera {int}")
public void la_respuesta_a_convocar_sera(Integer int1) {
    // Write code here that turns the phrase above into concrete actions
    throw new io.cucumber.java.PendingException();
}


convocar #2  Time elapsed: 0.015 s  <<< ERROR!
io.cucumber.junit.UndefinedStepException: 
The step "titulo es "Reunion 2"" is undefined. You can implement it using the snippet(s) below:

@When("titulo es {string}")
public void titulo_es(String string) {
    // Write code here that turns the phrase above into concrete actions
    throw new io.cucumber.java.PendingException();
}


Some other steps were also undefined:

@When("dia es {int}")
public void dia_es(Integer int1) {
    // Write code here that turns the phrase above into concrete actions
    throw new io.cucumber.java.PendingException();
}
@When("mes es {int}")
public void mes_es(Integer int1) {
    // Write code here that turns the phrase above into concrete actions
    throw new io.cucumber.java.PendingException();
}
@When("ano es {int}")
public void ano_es(Integer int1) {
    // Write code here that turns the phrase above into concrete actions
    throw new io.cucumber.java.PendingException();
}
@When("hora es {string}")
public void hora_es(String string) {
    // Write code here that turns the phrase above into concrete actions
    throw new io.cucumber.java.PendingException();
}
@When("descripcion es {string}")
public void descripcion_es(String string) {
    // Write code here that turns the phrase above into concrete actions
    throw new io.cucumber.java.PendingException();
}
@When("asistentes son {string}")
public void asistentes_son(String string) {
    // Write code here that turns the phrase above into concrete actions
    throw new io.cucumber.java.PendingException();
}
@Then("convoco la reunion")
public void convoco_la_reunion() {
    // Write code here that turns the phrase above into concrete actions
    throw new io.cucumber.java.PendingException();
}
@Then("la respuesta a convocar sera {int}")
public void la_respuesta_a_convocar_sera(Integer int1) {
    // Write code here that turns the phrase above into concrete actions
    throw new io.cucumber.java.PendingException();
}


convocar #3  Time elapsed: 0.011 s  <<< ERROR!
io.cucumber.junit.UndefinedStepException: 
The step "titulo es "test"" is undefined. You can implement it using the snippet(s) below:

@When("titulo es {string}")
public void titulo_es(String string) {
    // Write code here that turns the phrase above into concrete actions
    throw new io.cucumber.java.PendingException();
}


Some other steps were also undefined:

@When("dia es {int}")
public void dia_es(Integer int1) {
    // Write code here that turns the phrase above into concrete actions
    throw new io.cucumber.java.PendingException();
}
@When("mes es {int}")
public void mes_es(Integer int1) {
    // Write code here that turns the phrase above into concrete actions
    throw new io.cucumber.java.PendingException();
}
@When("ano es {int}")
public void ano_es(Integer int1) {
    // Write code here that turns the phrase above into concrete actions
    throw new io.cucumber.java.PendingException();
}
@When("hora es {string}")
public void hora_es(String string) {
    // Write code here that turns the phrase above into concrete actions
    throw new io.cucumber.java.PendingException();
}
@When("descripcion es {string}")
public void descripcion_es(String string) {
    // Write code here that turns the phrase above into concrete actions
    throw new io.cucumber.java.PendingException();
}
@When("asistentes son {string}")
public void asistentes_son(String string) {
    // Write code here that turns the phrase above into concrete actions
    throw new io.cucumber.java.PendingException();
}
@Then("convoco la reunion")
public void convoco_la_reunion() {
    // Write code here that turns the phrase above into concrete actions
    throw new io.cucumber.java.PendingException();
}
@Then("la respuesta a convocar sera {int}")
public void la_respuesta_a_convocar_sera(Integer int1) {
    // Write code here that turns the phrase above into concrete actions
    throw new io.cucumber.java.PendingException();
}


aceptar  Time elapsed: 0.01 s  <<< ERROR!
io.cucumber.junit.UndefinedStepException: 
The step "acepto la reunion" is undefined. You can implement it using the snippet(s) below:

@When("acepto la reunion")
public void acepto_la_reunion() {
    // Write code here that turns the phrase above into concrete actions
    throw new io.cucumber.java.PendingException();
}


Some other steps were also undefined:

@Then("la respuesta a aceptar debe ser {int}")
public void la_respuesta_a_aceptar_debe_ser(Integer int1) {
    // Write code here that turns the phrase above into concrete actions
    throw new io.cucumber.java.PendingException();
}


rechazar  Time elapsed: 0.009 s  <<< ERROR!
io.cucumber.junit.UndefinedStepException: 
The step "rechazo la reunion" is undefined. You can implement it using the snippet(s) below:

@When("rechazo la reunion")
public void rechazo_la_reunion() {
    // Write code here that turns the phrase above into concrete actions
    throw new io.cucumber.java.PendingException();
}


Some other steps were also undefined:

@Then("la respuesta a rechazar debe ser {int}")
public void la_respuesta_a_rechazar_debe_ser(Integer int1) {
    // Write code here that turns the phrase above into concrete actions
    throw new io.cucumber.java.PendingException();
}


cancelar  Time elapsed: 1.269 s  <<< ERROR!
org.springframework.security.authentication.BadCredentialsException: Bad credentials

Buen Login  Time elapsed: 0.011 s  <<< ERROR!
io.cucumber.junit.UndefinedStepException: 
The step "Hago login con "admin" y "Admin123"" is undefined. You can implement it using the snippet(s) below:

@When("Hago login con {string} y {string}")
public void hago_login_con_y(String string, String string2) {
    // Write code here that turns the phrase above into concrete actions
    throw new io.cucumber.java.PendingException();
}


Some other steps were also undefined:

@Then("el codigo de respuesta debe ser {int}")
public void el_codigo_de_respuesta_debe_ser(Integer int1) {
    // Write code here that turns the phrase above into concrete actions
    throw new io.cucumber.java.PendingException();
}


Mal Login  Time elapsed: 0.007 s  <<< ERROR!
io.cucumber.junit.UndefinedStepException: 
The step "Hago login con "admin" y "Admin1233"" is undefined. You can implement it using the snippet(s) below:

@When("Hago login con {string} y {string}")
public void hago_login_con_y(String string, String string2) {
    // Write code here that turns the phrase above into concrete actions
    throw new io.cucumber.java.PendingException();
}


Some other steps were also undefined:

@Then("el codigo de respuesta debe ser {int}")
public void el_codigo_de_respuesta_debe_ser(Integer int1) {
    // Write code here that turns the phrase above into concrete actions
    throw new io.cucumber.java.PendingException();
}


Mal Login 2  Time elapsed: 0.009 s  <<< ERROR!
io.cucumber.junit.UndefinedStepException: 
The step "Hago login con "" y "Admin1233"" is undefined. You can implement it using the snippet(s) below:

@When("Hago login con {string} y {string}")
public void hago_login_con_y(String string, String string2) {
    // Write code here that turns the phrase above into concrete actions
    throw new io.cucumber.java.PendingException();
}


Some other steps were also undefined:

@Then("el codigo de respuesta debe ser {int}")
public void el_codigo_de_respuesta_debe_ser(Integer int1) {
    // Write code here that turns the phrase above into concrete actions
    throw new io.cucumber.java.PendingException();
}


Mal Login 3  Time elapsed: 0.008 s  <<< ERROR!
io.cucumber.junit.UndefinedStepException: 
The step "Hago login con "admin" y """ is undefined. You can implement it using the snippet(s) below:

@When("Hago login con {string} y {string}")
public void hago_login_con_y(String string, String string2) {
    // Write code here that turns the phrase above into concrete actions
    throw new io.cucumber.java.PendingException();
}


Some other steps were also undefined:

@Then("el codigo de respuesta debe ser {int}")
public void el_codigo_de_respuesta_debe_ser(Integer int1) {
    // Write code here that turns the phrase above into concrete actions
    throw new io.cucumber.java.PendingException();
}


modificar  Time elapsed: 0.009 s  <<< ERROR!
io.cucumber.junit.UndefinedStepException: 
The step "Modifico la reunion 1 con el token de usuario "awed"" is undefined. You can implement it using the snippet(s) below:

@When("Modifico la reunion {int} con el token de usuario {string}")
public void modifico_la_reunion_con_el_token_de_usuario(Integer int1, String string) {
    // Write code here that turns the phrase above into concrete actions
    throw new io.cucumber.java.PendingException();
}


Some other steps were also undefined:

@When("cambio el titulo a {string}")
public void cambio_el_titulo_a(String string) {
    // Write code here that turns the phrase above into concrete actions
    throw new io.cucumber.java.PendingException();
}
@When("cambio la fecha a {string}")
public void cambio_la_fecha_a(String string) {
    // Write code here that turns the phrase above into concrete actions
    throw new io.cucumber.java.PendingException();
}
@When("cambio la hora a {string}")
public void cambio_la_hora_a(String string) {
    // Write code here that turns the phrase above into concrete actions
    throw new io.cucumber.java.PendingException();
}
@When("el nuevo titulo sera {string}")
public void el_nuevo_titulo_sera(String string) {
    // Write code here that turns the phrase above into concrete actions
    throw new io.cucumber.java.PendingException();
}
@When("la nueva fecha sera {string}")
public void la_nueva_fecha_sera(String string) {
    // Write code here that turns the phrase above into concrete actions
    throw new io.cucumber.java.PendingException();
}
@When("la nueva hora sera {string}")
public void la_nueva_hora_sera(String string) {
    // Write code here that turns the phrase above into concrete actions
    throw new io.cucumber.java.PendingException();
}


registro #1  Time elapsed: 2.092 s  <<< ERROR!
org.springframework.web.client.ResourceAccessException: I/O error on POST request for "http://localhost:8080/api/auth/signup/": Connection refused: connect; nested exception is java.net.ConnectException: Connection refused: connect
Caused by: java.net.ConnectException: Connection refused: connect

registro #2  Time elapsed: 2.014 s  <<< ERROR!
org.springframework.web.client.ResourceAccessException: I/O error on POST request for "http://localhost:8080/api/auth/signup/": Connection refused: connect; nested exception is java.net.ConnectException: Connection refused: connect
Caused by: java.net.ConnectException: Connection refused: connect

registro #3  Time elapsed: 2.017 s  <<< ERROR!
org.springframework.web.client.ResourceAccessException: I/O error on POST request for "http://localhost:8080/api/auth/signup/": Connection refused: connect; nested exception is java.net.ConnectException: Connection refused: connect
Caused by: java.net.ConnectException: Connection refused: connect

registro #4  Time elapsed: 2.012 s  <<< ERROR!
org.springframework.web.client.ResourceAccessException: I/O error on POST request for "http://localhost:8080/api/auth/signup/": Connection refused: connect; nested exception is java.net.ConnectException: Connection refused: connect
Caused by: java.net.ConnectException: Connection refused: connect

registro #5  Time elapsed: 2.022 s  <<< ERROR!
org.springframework.web.client.ResourceAccessException: I/O error on POST request for "http://localhost:8080/api/auth/signup/": Connection refused: connect; nested exception is java.net.ConnectException: Connection refused: connect
Caused by: java.net.ConnectException: Connection refused: connect

registro #6  Time elapsed: 2.018 s  <<< ERROR!
org.springframework.web.client.ResourceAccessException: I/O error on POST request for "http://localhost:8080/api/auth/signup/": Connection refused: connect; nested exception is java.net.ConnectException: Connection refused: connect
Caused by: java.net.ConnectException: Connection refused: connect

registro #7  Time elapsed: 2.018 s  <<< ERROR!
org.springframework.web.client.ResourceAccessException: I/O error on POST request for "http://localhost:8080/api/auth/signup/": Connection refused: connect; nested exception is java.net.ConnectException: Connection refused: connect
Caused by: java.net.ConnectException: Connection refused: connect

