<?xml version="1.0" encoding="UTF-8"?>

<testsuite xmlns:xsi="http://www.w3.org/2001/XMLSchema-instance" xsi:schemaLocation="https://maven.apache.org/surefire/maven-surefire-plugin/xsd/surefire-test-report.xsd" name="es.uclm.esi.RunCucumberTest" time="20.704" tests="21" errors="0" skipped="0" failures="0">
  <properties>
[...]
</properties>
  <testcase name="Calendario mes #1" classname="Calendario" time="8.09"/>
  <testcase name="Calendario mes #2" classname="Calendario" time="0.265"/>
  <testcase name="Calendario mes #3" classname="Calendario" time="0.227"/>
  <testcase name="Calendario dia #1" classname="Calendario" time="0.23"/>
  <testcase name="Calendario dia #2" classname="Calendario" time="0.237"/>
  <testcase name="Calendario dia #3" classname="Calendario" time="0.236"/>
  <testcase name="Calendario dia #4" classname="Calendario" time="0.226"/>
  <testcase name="convocar reunion #1" classname="Convocar" time="1.613"/>
  <testcase name="convocar reunion #2" classname="Convocar" time="0.405"/>
  <testcase name="aceptar" classname="Aceptar" time="2.058"/>
  <testcase name="rechazar" classname="Rechazar" time="1.007"/>
  <testcase name="cancelar" classname="Cancelar reunion" time="0.762"/>
  <testcase name="Buen Login" classname="Login" time="0.583"/>
  <testcase name="Mal Login" classname="Login" time="0.332"/>
  <testcase name="Mal Login 2" classname="Login" time="0.417"/>
  <testcase name="Mal Login 3" classname="Login" time="0.5"/>
  <testcase name="registro #1" classname="Registro usuario" time="0.312"/>
  <testcase name="registro #2" classname="Registro usuario" time="0.18"/>
  <testcase name="registro #3" classname="Registro usuario" time="0.238"/>
  <testcase name="registro #4" classname="Registro usuario" time="0.92"/>
  <testcase name="registro #5" classname="Registro usuario" time="0.933"/>

</testsuite>