<?xml version="1.0" encoding="UTF-8"?>
<testsuite xmlns:xsi="http://www.w3.org/2001/XMLSchema-instance" xsi:noNamespaceSchemaLocation="https://maven.apache.org/surefire/maven-surefire-plugin/xsd/surefire-test-report.xsd" name="es.uclm.esi.RunCucumberTest" time="22.431" tests="30" errors="18" skipped="0" failures="0">
  <properties>
[...]
</properties>
  <testcase name="Roles de los usuarios de la aplicacion #1" classname="es.uclm.esi.RunCucumberTest" time="2.444">
    <error message="Bad credentials" type="org.springframework.security.authentication.BadCredentialsException">org.springframework.security.authentication.BadCredentialsException: Bad credentials
</error>
    <system-out><![CDATA[2020-11-28 19:32:27 - Neither @ContextConfiguration nor @ContextHierarchy found for test class [es.uclm.esi.CucumberTestContextConfiguration], using SpringBootContextLoader
2020-11-28 19:32:27 - Could not detect default resource locations for test class [es.uclm.esi.CucumberTestContextConfiguration]: no resource found for suffixes {-context.xml, Context.groovy}.
2020-11-28 19:32:27 - Could not detect default configuration classes for test class [es.uclm.esi.CucumberTestContextConfiguration]: CucumberTestContextConfiguration does not declare any static, non-private, non-final, nested classes annotated with @Configuration.
2020-11-28 19:32:27 - Found @SpringBootConfiguration es.uclm.esi.SigetApplication for test class es.uclm.esi.CucumberTestContextConfiguration
2020-11-28 19:32:27 - Loaded default TestExecutionListener class names from location [META-INF/spring.factories]: [org.springframework.boot.test.mock.mockito.MockitoTestExecutionListener, org.springframework.boot.test.mock.mockito.ResetMocksTestExecutionListener, org.springframework.boot.test.autoconfigure.restdocs.RestDocsTestExecutionListener, org.springframework.boot.test.autoconfigure.web.client.MockRestServiceServerResetTestExecutionListener, org.springframework.boot.test.autoconfigure.web.servlet.MockMvcPrintOnlyOnFailureTestExecutionListener, org.springframework.boot.test.autoconfigure.web.servlet.WebDriverTestExecutionListener, org.springframework.boot.test.autoconfigure.webservices.client.MockWebServiceServerTestExecutionListener, org.springframework.test.context.web.ServletTestExecutionListener, org.springframework.test.context.support.DirtiesContextBeforeModesTestExecutionListener, org.springframework.test.context.support.DependencyInjectionTestExecutionListener, org.springframework.test.context.support.DirtiesContextTestExecutionListener, org.springframework.test.context.transaction.TransactionalTestExecutionListener, org.springframework.test.context.jdbc.SqlScriptsTestExecutionListener, org.springframework.test.context.event.EventPublishingTestExecutionListener, org.springframework.security.test.context.support.WithSecurityContextTestExecutionListener, org.springframework.security.test.context.support.ReactorContextTestExecutionListener]
2020-11-28 19:32:27 - Using TestExecutionListeners: [org.springframework.test.context.web.ServletTestExecutionListener@47772462, org.springframework.test.context.support.DirtiesContextBeforeModesTestExecutionListener@59929ac, org.springframework.boot.test.mock.mockito.MockitoTestExecutionListener@4e9bd2c8, org.springframework.boot.test.autoconfigure.SpringBootDependencyInjectionTestExecutionListener@18f13756, org.springframework.test.context.support.DirtiesContextTestExecutionListener@665b441e, org.springframework.test.context.transaction.TransactionalTestExecutionListener@2ac3d530, org.springframework.test.context.jdbc.SqlScriptsTestExecutionListener@3a5e4f32, org.springframework.test.context.event.EventPublishingTestExecutionListener@2b0494a8, org.springframework.security.test.context.support.WithSecurityContextTestExecutionListener@17c34e62, org.springframework.security.test.context.support.ReactorContextTestExecutionListener@239d73ff, org.springframework.boot.test.mock.mockito.ResetMocksTestExecutionListener@6bf28f61, org.springframework.boot.test.autoconfigure.restdocs.RestDocsTestExecutionListener@64dcf763, org.springframework.boot.test.autoconfigure.web.client.MockRestServiceServerResetTestExecutionListener@696105c4, org.springframework.boot.test.autoconfigure.web.servlet.MockMvcPrintOnlyOnFailureTestExecutionListener@21ab919c, org.springframework.boot.test.autoconfigure.web.servlet.WebDriverTestExecutionListener@5edd9b4f, org.springframework.boot.test.autoconfigure.webservices.client.MockWebServiceServerTestExecutionListener@5db90818]

  .   ____          _            __ _ _
 /\\ / ___'_ __ _ _(_)_ __  __ _ \ \ \ \
( ( )\___ | '_ | '_| | '_ \/ _` | \ \ \ \
 \\/  ___)| |_)| | | | | || (_| |  ) ) ) )
  '  |____| .__|_| |_|_| |_\__, | / / / /
 =========|_|==============|___/=/_/_/_/
 :: Spring Boot ::        (v2.3.5.RELEASE)

2020-11-28 19:32:27 - 

Found multiple occurrences of org.json.JSONObject on the class path:

	jar:file:/C:/Users/Eli/.m2/repository/com/vaadin/external/google/android-json/0.0.20131108.vaadin1/android-json-0.0.20131108.vaadin1.jar!/org/json/JSONObject.class
	jar:file:/C:/Users/Eli/.m2/repository/org/json/json/20200518/json-20200518.jar!/org/json/JSONObject.class

You may wish to exclude one of them to ensure predictable runtime behavior

2020-11-28 19:32:27 - Starting CucumberTestContextConfiguration on DESKTOP-GRGVATI with PID 10128 (started by Eli in C:\Eclipse-cuarto\SIGET-Equipo3)
2020-11-28 19:32:27 - No active profile set, falling back to default profiles: default
2020-11-28 19:32:27 - Bootstrapping Spring Data MongoDB repositories in DEFAULT mode.
2020-11-28 19:32:27 - Finished Spring Data repository scanning in 18ms. Found 4 MongoDB repository interfaces.
2020-11-28 19:32:27 - Bean 'org.springframework.security.access.expression.method.DefaultMethodSecurityExpressionHandler@65259737' of type [org.springframework.security.access.expression.method.DefaultMethodSecurityExpressionHandler] is not eligible for getting processed by all BeanPostProcessors (for example: not eligible for auto-proxying)
2020-11-28 19:32:27 - Bean 'methodSecurityMetadataSource' of type [org.springframework.security.access.method.DelegatingMethodSecurityMetadataSource] is not eligible for getting processed by all BeanPostProcessors (for example: not eligible for auto-proxying)
2020-11-28 19:32:27 - Cluster created with settings {hosts=[cluster0-shard-00-00.rja2c.mongodb.net:27017, cluster0-shard-00-01.rja2c.mongodb.net:27017, cluster0-shard-00-02.rja2c.mongodb.net:27017], mode=MULTIPLE, requiredClusterType=REPLICA_SET, serverSelectionTimeout='30000 ms', requiredReplicaSetName='atlas-7qdd0k-shard-0'}
2020-11-28 19:32:27 - Adding discovered server cluster0-shard-00-00.rja2c.mongodb.net:27017 to client view of cluster
2020-11-28 19:32:27 - Adding discovered server cluster0-shard-00-01.rja2c.mongodb.net:27017 to client view of cluster
2020-11-28 19:32:27 - Adding discovered server cluster0-shard-00-02.rja2c.mongodb.net:27017 to client view of cluster
2020-11-28 19:32:28 - Adding welcome page: class path resource [static/index.html]
2020-11-28 19:32:28 - Opened connection [connectionId{localValue:4, serverValue:5986}] to cluster0-shard-00-00.rja2c.mongodb.net:27017
2020-11-28 19:32:28 - Opened connection [connectionId{localValue:5, serverValue:6329}] to cluster0-shard-00-01.rja2c.mongodb.net:27017
2020-11-28 19:32:28 - Opened connection [connectionId{localValue:6, serverValue:5401}] to cluster0-shard-00-02.rja2c.mongodb.net:27017
2020-11-28 19:32:28 - Monitor thread successfully connected to server with description ServerDescription{address=cluster0-shard-00-00.rja2c.mongodb.net:27017, type=REPLICA_SET_SECONDARY, state=CONNECTED, ok=true, minWireVersion=0, maxWireVersion=8, maxDocumentSize=16777216, logicalSessionTimeoutMinutes=30, roundTripTimeNanos=92181500, setName='atlas-7qdd0k-shard-0', canonicalAddress=cluster0-shard-00-00.rja2c.mongodb.net:27017, hosts=[cluster0-shard-00-02.rja2c.mongodb.net:27017, cluster0-shard-00-01.rja2c.mongodb.net:27017, cluster0-shard-00-00.rja2c.mongodb.net:27017], passives=[], arbiters=[], primary='cluster0-shard-00-02.rja2c.mongodb.net:27017', tagSet=TagSet{[Tag{name='nodeType', value='ELECTABLE'}, Tag{name='provider', value='AWS'}, Tag{name='region', value='US_EAST_1'}, Tag{name='workloadType', value='OPERATIONAL'}]}, electionId=null, setVersion=1, lastWriteDate=Sat Nov 28 19:32:27 CET 2020, lastUpdateTimeNanos=16248838687700}
2020-11-28 19:32:28 - Monitor thread successfully connected to server with description ServerDescription{address=cluster0-shard-00-01.rja2c.mongodb.net:27017, type=REPLICA_SET_SECONDARY, state=CONNECTED, ok=true, minWireVersion=0, maxWireVersion=8, maxDocumentSize=16777216, logicalSessionTimeoutMinutes=30, roundTripTimeNanos=92580100, setName='atlas-7qdd0k-shard-0', canonicalAddress=cluster0-shard-00-01.rja2c.mongodb.net:27017, hosts=[cluster0-shard-00-02.rja2c.mongodb.net:27017, cluster0-shard-00-01.rja2c.mongodb.net:27017, cluster0-shard-00-00.rja2c.mongodb.net:27017], passives=[], arbiters=[], primary='cluster0-shard-00-02.rja2c.mongodb.net:27017', tagSet=TagSet{[Tag{name='nodeType', value='ELECTABLE'}, Tag{name='provider', value='AWS'}, Tag{name='region', value='US_EAST_1'}, Tag{name='workloadType', value='OPERATIONAL'}]}, electionId=null, setVersion=1, lastWriteDate=Sat Nov 28 19:32:27 CET 2020, lastUpdateTimeNanos=16248840941800}
2020-11-28 19:32:28 - Monitor thread successfully connected to server with description ServerDescription{address=cluster0-shard-00-02.rja2c.mongodb.net:27017, type=REPLICA_SET_PRIMARY, state=CONNECTED, ok=true, minWireVersion=0, maxWireVersion=8, maxDocumentSize=16777216, logicalSessionTimeoutMinutes=30, roundTripTimeNanos=98233000, setName='atlas-7qdd0k-shard-0', canonicalAddress=cluster0-shard-00-02.rja2c.mongodb.net:27017, hosts=[cluster0-shard-00-02.rja2c.mongodb.net:27017, cluster0-shard-00-01.rja2c.mongodb.net:27017, cluster0-shard-00-00.rja2c.mongodb.net:27017], passives=[], arbiters=[], primary='cluster0-shard-00-02.rja2c.mongodb.net:27017', tagSet=TagSet{[Tag{name='nodeType', value='ELECTABLE'}, Tag{name='provider', value='AWS'}, Tag{name='region', value='US_EAST_1'}, Tag{name='workloadType', value='OPERATIONAL'}]}, electionId=7fffffff0000000000000004, setVersion=1, lastWriteDate=Sat Nov 28 19:32:27 CET 2020, lastUpdateTimeNanos=16248858831000}
2020-11-28 19:32:28 - Setting max election id to 7fffffff0000000000000004 from replica set primary cluster0-shard-00-02.rja2c.mongodb.net:27017
2020-11-28 19:32:28 - Setting max set version to 1 from replica set primary cluster0-shard-00-02.rja2c.mongodb.net:27017
2020-11-28 19:32:28 - Discovered replica set primary cluster0-shard-00-02.rja2c.mongodb.net:27017
2020-11-28 19:32:28 - Creating filter chain: any request, [org.springframework.security.web.context.request.async.WebAsyncManagerIntegrationFilter@71d78cac, org.springframework.security.web.context.SecurityContextPersistenceFilter@71f10042, org.springframework.security.web.header.HeaderWriterFilter@70d7a49b, org.springframework.web.filter.CorsFilter@550f522b, org.springframework.security.web.authentication.logout.LogoutFilter@41289e88, es.uclm.esi.security.jwt.AuthTokenFilter@1842dc39, org.springframework.security.web.savedrequest.RequestCacheAwareFilter@5dbc4598, org.springframework.security.web.servletapi.SecurityContextHolderAwareRequestFilter@1002d1c8, org.springframework.security.web.authentication.AnonymousAuthenticationFilter@6a7fc4c1, org.springframework.security.web.session.SessionManagementFilter@4509b7, org.springframework.security.web.access.ExceptionTranslationFilter@1237cade, org.springframework.security.web.access.intercept.FilterSecurityInterceptor@1ee6434]
2020-11-28 19:32:28 - Initializing ExecutorService 'applicationTaskExecutor'
2020-11-28 19:32:28 - Initializing Spring TestDispatcherServlet ''
2020-11-28 19:32:28 - Initializing Servlet ''
2020-11-28 19:32:28 - Completed initialization in 10 ms
2020-11-28 19:32:28 - Started CucumberTestContextConfiguration in 1.1 seconds (JVM running for 6.381)

Scenario Outline: Roles de los usuarios de la aplicacion &amp#27;[90m# src/test/java/es/uclm/esi/features/10roles.feature:10&amp#27;[0m
2020-11-28 19:32:29 - Opened connection [connectionId{localValue:7, serverValue:7523}] to cluster0-shard-00-02.rja2c.mongodb.net:27017
  &amp#27;[31mWhen &amp#27;[0m&amp#27;[31maccedo con el token de usuario &amp#27;[0m&amp#27;[31m&amp#27;[1m"admin"&amp#27;[0m            &amp#27;[90m# es.uclm.esi.RolesStepDefinitions.accedo_con_el_token_de_usuario(java.lang.String)&amp#27;[0m
      &amp#27;[31morg.springframework.security.authentication.BadCredentialsException: Bad credentials
	at org.springframework.security.authentication.dao.AbstractUserDetailsAuthenticationProvider.authenticate(AbstractUserDetailsAuthenticationProvider.java:151)
	at org.springframework.security.authentication.ProviderManager.authenticate(ProviderManager.java:199)
	at org.springframework.security.authentication.ProviderManager.authenticate(ProviderManager.java:219)
	at org.springframework.security.config.annotation.web.configuration.WebSecurityConfigurerAdapter$AuthenticationManagerDelegator.authenticate(WebSecurityConfigurerAdapter.java:534)
	at es.uclm.esi.RolesStepDefinitions.accedo_con_el_token_de_usuario(RolesStepDefinitions.java:46)
	at âœ½.accedo con el token de usuario "admin"(file:///C:/Eclipse-cuarto/SIGET-Equipo3/src/test/java/es/uclm/esi/features/10roles.feature:4)
&amp#27;[0m
  &amp#27;[36mAnd &amp#27;[0m&amp#27;[36ma recursos del rol &amp#27;[0m&amp#27;[36m&amp#27;[1m"USER"&amp#27;[0m                          &amp#27;[90m# es.uclm.esi.RolesStepDefinitions.a_recursos_del_rol(java.lang.String)&amp#27;[0m
  &amp#27;[36mThen &amp#27;[0m&amp#27;[36mmuestro el codigo &amp#27;[0m&amp#27;[36m&amp#27;[1m200&amp#27;[0m                             &amp#27;[90m# es.uclm.esi.RolesStepDefinitions.muestro_el_codigo(java.lang.Integer)&amp#27;[0m
]]></system-out>
  </testcase>
  <testcase name="Roles de los usuarios de la aplicacion #2" classname="es.uclm.esi.RunCucumberTest" time="0.25">
    <error message="Bad credentials" type="org.springframework.security.authentication.BadCredentialsException">org.springframework.security.authentication.BadCredentialsException: Bad credentials
</error>
    <system-out><![CDATA[2020-11-28 19:32:29 - Neither @ContextConfiguration nor @ContextHierarchy found for test class [es.uclm.esi.CucumberTestContextConfiguration], using SpringBootContextLoader
2020-11-28 19:32:29 - Could not detect default resource locations for test class [es.uclm.esi.CucumberTestContextConfiguration]: no resource found for suffixes {-context.xml, Context.groovy}.
2020-11-28 19:32:29 - Could not detect default configuration classes for test class [es.uclm.esi.CucumberTestContextConfiguration]: CucumberTestContextConfiguration does not declare any static, non-private, non-final, nested classes annotated with @Configuration.
2020-11-28 19:32:29 - Found @SpringBootConfiguration es.uclm.esi.SigetApplication for test class es.uclm.esi.CucumberTestContextConfiguration
2020-11-28 19:32:29 - Loaded default TestExecutionListener class names from location [META-INF/spring.factories]: [org.springframework.boot.test.mock.mockito.MockitoTestExecutionListener, org.springframework.boot.test.mock.mockito.ResetMocksTestExecutionListener, org.springframework.boot.test.autoconfigure.restdocs.RestDocsTestExecutionListener, org.springframework.boot.test.autoconfigure.web.client.MockRestServiceServerResetTestExecutionListener, org.springframework.boot.test.autoconfigure.web.servlet.MockMvcPrintOnlyOnFailureTestExecutionListener, org.springframework.boot.test.autoconfigure.web.servlet.WebDriverTestExecutionListener, org.springframework.boot.test.autoconfigure.webservices.client.MockWebServiceServerTestExecutionListener, org.springframework.test.context.web.ServletTestExecutionListener, org.springframework.test.context.support.DirtiesContextBeforeModesTestExecutionListener, org.springframework.test.context.support.DependencyInjectionTestExecutionListener, org.springframework.test.context.support.DirtiesContextTestExecutionListener, org.springframework.test.context.transaction.TransactionalTestExecutionListener, org.springframework.test.context.jdbc.SqlScriptsTestExecutionListener, org.springframework.test.context.event.EventPublishingTestExecutionListener, org.springframework.security.test.context.support.WithSecurityContextTestExecutionListener, org.springframework.security.test.context.support.ReactorContextTestExecutionListener]
2020-11-28 19:32:29 - Using TestExecutionListeners: [org.springframework.test.context.web.ServletTestExecutionListener@42fd8f2f, org.springframework.test.context.support.DirtiesContextBeforeModesTestExecutionListener@7eea934d, org.springframework.boot.test.mock.mockito.MockitoTestExecutionListener@4700963e, org.springframework.boot.test.autoconfigure.SpringBootDependencyInjectionTestExecutionListener@153d14e3, org.springframework.test.context.support.DirtiesContextTestExecutionListener@3b17759c, org.springframework.test.context.transaction.TransactionalTestExecutionListener@11cdf948, org.springframework.test.context.jdbc.SqlScriptsTestExecutionListener@523f3c29, org.springframework.test.context.event.EventPublishingTestExecutionListener@2fd8b081, org.springframework.security.test.context.support.WithSecurityContextTestExecutionListener@2fe38b73, org.springframework.security.test.context.support.ReactorContextTestExecutionListener@511a307e, org.springframework.boot.test.mock.mockito.ResetMocksTestExecutionListener@7aef8000, org.springframework.boot.test.autoconfigure.restdocs.RestDocsTestExecutionListener@10d97b64, org.springframework.boot.test.autoconfigure.web.client.MockRestServiceServerResetTestExecutionListener@2352c21f, org.springframework.boot.test.autoconfigure.web.servlet.MockMvcPrintOnlyOnFailureTestExecutionListener@23cb8fcb, org.springframework.boot.test.autoconfigure.web.servlet.WebDriverTestExecutionListener@25a2f432, org.springframework.boot.test.autoconfigure.webservices.client.MockWebServiceServerTestExecutionListener@7efba9b9]

Scenario Outline: Roles de los usuarios de la aplicacion &amp#27;[90m# src/test/java/es/uclm/esi/features/10roles.feature:11&amp#27;[0m
  &amp#27;[31mWhen &amp#27;[0m&amp#27;[31maccedo con el token de usuario &amp#27;[0m&amp#27;[31m&amp#27;[1m"user"&amp#27;[0m             &amp#27;[90m# es.uclm.esi.RolesStepDefinitions.accedo_con_el_token_de_usuario(java.lang.String)&amp#27;[0m
      &amp#27;[31morg.springframework.security.authentication.BadCredentialsException: Bad credentials
	at org.springframework.security.authentication.dao.AbstractUserDetailsAuthenticationProvider.authenticate(AbstractUserDetailsAuthenticationProvider.java:151)
	at org.springframework.security.authentication.ProviderManager.authenticate(ProviderManager.java:199)
	at org.springframework.security.authentication.ProviderManager.authenticate(ProviderManager.java:219)
	at org.springframework.security.config.annotation.web.configuration.WebSecurityConfigurerAdapter$AuthenticationManagerDelegator.authenticate(WebSecurityConfigurerAdapter.java:524)
	at es.uclm.esi.RolesStepDefinitions.accedo_con_el_token_de_usuario(RolesStepDefinitions.java:51)
	at âœ½.accedo con el token de usuario "user"(file:///C:/Eclipse-cuarto/SIGET-Equipo3/src/test/java/es/uclm/esi/features/10roles.feature:4)
&amp#27;[0m
  &amp#27;[36mAnd &amp#27;[0m&amp#27;[36ma recursos del rol &amp#27;[0m&amp#27;[36m&amp#27;[1m"USER"&amp#27;[0m                          &amp#27;[90m# es.uclm.esi.RolesStepDefinitions.a_recursos_del_rol(java.lang.String)&amp#27;[0m
  &amp#27;[36mThen &amp#27;[0m&amp#27;[36mmuestro el codigo &amp#27;[0m&amp#27;[36m&amp#27;[1m200&amp#27;[0m                             &amp#27;[90m# es.uclm.esi.RolesStepDefinitions.muestro_el_codigo(java.lang.Integer)&amp#27;[0m
]]></system-out>
  </testcase>
  <testcase name="Roles de los usuarios de la aplicacion #3" classname="es.uclm.esi.RunCucumberTest" time="0.24">
    <error message="Bad credentials" type="org.springframework.security.authentication.BadCredentialsException">org.springframework.security.authentication.BadCredentialsException: Bad credentials
</error>
    <system-out><![CDATA[2020-11-28 19:32:29 - Neither @ContextConfiguration nor @ContextHierarchy found for test class [es.uclm.esi.CucumberTestContextConfiguration], using SpringBootContextLoader
2020-11-28 19:32:29 - Could not detect default resource locations for test class [es.uclm.esi.CucumberTestContextConfiguration]: no resource found for suffixes {-context.xml, Context.groovy}.
2020-11-28 19:32:29 - Could not detect default configuration classes for test class [es.uclm.esi.CucumberTestContextConfiguration]: CucumberTestContextConfiguration does not declare any static, non-private, non-final, nested classes annotated with @Configuration.
2020-11-28 19:32:29 - Found @SpringBootConfiguration es.uclm.esi.SigetApplication for test class es.uclm.esi.CucumberTestContextConfiguration
2020-11-28 19:32:29 - Loaded default TestExecutionListener class names from location [META-INF/spring.factories]: [org.springframework.boot.test.mock.mockito.MockitoTestExecutionListener, org.springframework.boot.test.mock.mockito.ResetMocksTestExecutionListener, org.springframework.boot.test.autoconfigure.restdocs.RestDocsTestExecutionListener, org.springframework.boot.test.autoconfigure.web.client.MockRestServiceServerResetTestExecutionListener, org.springframework.boot.test.autoconfigure.web.servlet.MockMvcPrintOnlyOnFailureTestExecutionListener, org.springframework.boot.test.autoconfigure.web.servlet.WebDriverTestExecutionListener, org.springframework.boot.test.autoconfigure.webservices.client.MockWebServiceServerTestExecutionListener, org.springframework.test.context.web.ServletTestExecutionListener, org.springframework.test.context.support.DirtiesContextBeforeModesTestExecutionListener, org.springframework.test.context.support.DependencyInjectionTestExecutionListener, org.springframework.test.context.support.DirtiesContextTestExecutionListener, org.springframework.test.context.transaction.TransactionalTestExecutionListener, org.springframework.test.context.jdbc.SqlScriptsTestExecutionListener, org.springframework.test.context.event.EventPublishingTestExecutionListener, org.springframework.security.test.context.support.WithSecurityContextTestExecutionListener, org.springframework.security.test.context.support.ReactorContextTestExecutionListener]
2020-11-28 19:32:29 - Using TestExecutionListeners: [org.springframework.test.context.web.ServletTestExecutionListener@34c6b52e, org.springframework.test.context.support.DirtiesContextBeforeModesTestExecutionListener@6f7c4e0, org.springframework.boot.test.mock.mockito.MockitoTestExecutionListener@25e203e6, org.springframework.boot.test.autoconfigure.SpringBootDependencyInjectionTestExecutionListener@8b1bfdf, org.springframework.test.context.support.DirtiesContextTestExecutionListener@95f1422, org.springframework.test.context.transaction.TransactionalTestExecutionListener@31b7112d, org.springframework.test.context.jdbc.SqlScriptsTestExecutionListener@47fc9ce, org.springframework.test.context.event.EventPublishingTestExecutionListener@1b5d1d9, org.springframework.security.test.context.support.WithSecurityContextTestExecutionListener@703a2bc9, org.springframework.security.test.context.support.ReactorContextTestExecutionListener@790d629a, org.springframework.boot.test.mock.mockito.ResetMocksTestExecutionListener@346e5cc, org.springframework.boot.test.autoconfigure.restdocs.RestDocsTestExecutionListener@2cd2c764, org.springframework.boot.test.autoconfigure.web.client.MockRestServiceServerResetTestExecutionListener@d17d554, org.springframework.boot.test.autoconfigure.web.servlet.MockMvcPrintOnlyOnFailureTestExecutionListener@1f1c7fde, org.springframework.boot.test.autoconfigure.web.servlet.WebDriverTestExecutionListener@2b409174, org.springframework.boot.test.autoconfigure.webservices.client.MockWebServiceServerTestExecutionListener@11939a9f]

Scenario Outline: Roles de los usuarios de la aplicacion &amp#27;[90m# src/test/java/es/uclm/esi/features/10roles.feature:12&amp#27;[0m
  &amp#27;[31mWhen &amp#27;[0m&amp#27;[31maccedo con el token de usuario &amp#27;[0m&amp#27;[31m&amp#27;[1m"user"&amp#27;[0m             &amp#27;[90m# es.uclm.esi.RolesStepDefinitions.accedo_con_el_token_de_usuario(java.lang.String)&amp#27;[0m
      &amp#27;[31morg.springframework.security.authentication.BadCredentialsException: Bad credentials
	at org.springframework.security.authentication.dao.AbstractUserDetailsAuthenticationProvider.authenticate(AbstractUserDetailsAuthenticationProvider.java:151)
	at org.springframework.security.authentication.ProviderManager.authenticate(ProviderManager.java:199)
	at org.springframework.security.authentication.ProviderManager.authenticate(ProviderManager.java:219)
	at org.springframework.security.config.annotation.web.configuration.WebSecurityConfigurerAdapter$AuthenticationManagerDelegator.authenticate(WebSecurityConfigurerAdapter.java:524)
	at es.uclm.esi.RolesStepDefinitions.accedo_con_el_token_de_usuario(RolesStepDefinitions.java:51)
	at âœ½.accedo con el token de usuario "user"(file:///C:/Eclipse-cuarto/SIGET-Equipo3/src/test/java/es/uclm/esi/features/10roles.feature:4)
&amp#27;[0m
  &amp#27;[36mAnd &amp#27;[0m&amp#27;[36ma recursos del rol &amp#27;[0m&amp#27;[36m&amp#27;[1m"ADMIN"&amp#27;[0m                         &amp#27;[90m# es.uclm.esi.RolesStepDefinitions.a_recursos_del_rol(java.lang.String)&amp#27;[0m
  &amp#27;[36mThen &amp#27;[0m&amp#27;[36mmuestro el codigo &amp#27;[0m&amp#27;[36m&amp#27;[1m403&amp#27;[0m                             &amp#27;[90m# es.uclm.esi.RolesStepDefinitions.muestro_el_codigo(java.lang.Integer)&amp#27;[0m
]]></system-out>
  </testcase>
  <testcase name="Roles de los usuarios de la aplicacion #4" classname="es.uclm.esi.RunCucumberTest" time="12.953"/>
  <testcase name="Roles de los usuarios de la aplicacion #5" classname="es.uclm.esi.RunCucumberTest" time="0.067"/>
  <testcase name="Calendario mes #1" classname="es.uclm.esi.RunCucumberTest" time="0.19">
    <error message="Bad credentials" type="org.springframework.security.authentication.BadCredentialsException">org.springframework.security.authentication.BadCredentialsException: Bad credentials
</error>
    <system-out><![CDATA[2020-11-28 19:32:43 - Neither @ContextConfiguration nor @ContextHierarchy found for test class [es.uclm.esi.CucumberTestContextConfiguration], using SpringBootContextLoader
2020-11-28 19:32:43 - Could not detect default resource locations for test class [es.uclm.esi.CucumberTestContextConfiguration]: no resource found for suffixes {-context.xml, Context.groovy}.
2020-11-28 19:32:43 - Could not detect default configuration classes for test class [es.uclm.esi.CucumberTestContextConfiguration]: CucumberTestContextConfiguration does not declare any static, non-private, non-final, nested classes annotated with @Configuration.
2020-11-28 19:32:43 - Found @SpringBootConfiguration es.uclm.esi.SigetApplication for test class es.uclm.esi.CucumberTestContextConfiguration
2020-11-28 19:32:43 - Loaded default TestExecutionListener class names from location [META-INF/spring.factories]: [org.springframework.boot.test.mock.mockito.MockitoTestExecutionListener, org.springframework.boot.test.mock.mockito.ResetMocksTestExecutionListener, org.springframework.boot.test.autoconfigure.restdocs.RestDocsTestExecutionListener, org.springframework.boot.test.autoconfigure.web.client.MockRestServiceServerResetTestExecutionListener, org.springframework.boot.test.autoconfigure.web.servlet.MockMvcPrintOnlyOnFailureTestExecutionListener, org.springframework.boot.test.autoconfigure.web.servlet.WebDriverTestExecutionListener, org.springframework.boot.test.autoconfigure.webservices.client.MockWebServiceServerTestExecutionListener, org.springframework.test.context.web.ServletTestExecutionListener, org.springframework.test.context.support.DirtiesContextBeforeModesTestExecutionListener, org.springframework.test.context.support.DependencyInjectionTestExecutionListener, org.springframework.test.context.support.DirtiesContextTestExecutionListener, org.springframework.test.context.transaction.TransactionalTestExecutionListener, org.springframework.test.context.jdbc.SqlScriptsTestExecutionListener, org.springframework.test.context.event.EventPublishingTestExecutionListener, org.springframework.security.test.context.support.WithSecurityContextTestExecutionListener, org.springframework.security.test.context.support.ReactorContextTestExecutionListener]
2020-11-28 19:32:43 - Using TestExecutionListeners: [org.springframework.test.context.web.ServletTestExecutionListener@10cb5047, org.springframework.test.context.support.DirtiesContextBeforeModesTestExecutionListener@3a00237d, org.springframework.boot.test.mock.mockito.MockitoTestExecutionListener@bc88295, org.springframework.boot.test.autoconfigure.SpringBootDependencyInjectionTestExecutionListener@341df373, org.springframework.test.context.support.DirtiesContextTestExecutionListener@7e9ed4df, org.springframework.test.context.transaction.TransactionalTestExecutionListener@453e1bba, org.springframework.test.context.jdbc.SqlScriptsTestExecutionListener@aade5a2, org.springframework.test.context.event.EventPublishingTestExecutionListener@51f009ef, org.springframework.security.test.context.support.WithSecurityContextTestExecutionListener@59c00722, org.springframework.security.test.context.support.ReactorContextTestExecutionListener@6c96346b, org.springframework.boot.test.mock.mockito.ResetMocksTestExecutionListener@9734cae, org.springframework.boot.test.autoconfigure.restdocs.RestDocsTestExecutionListener@589d831e, org.springframework.boot.test.autoconfigure.web.client.MockRestServiceServerResetTestExecutionListener@1bd6638, org.springframework.boot.test.autoconfigure.web.servlet.MockMvcPrintOnlyOnFailureTestExecutionListener@5c552f08, org.springframework.boot.test.autoconfigure.web.servlet.WebDriverTestExecutionListener@4fd00e10, org.springframework.boot.test.autoconfigure.webservices.client.MockWebServiceServerTestExecutionListener@7be1e187]

Scenario Outline: Calendario mes               &amp#27;[90m# src/test/java/es/uclm/esi/features/2calendario.feature:12&amp#27;[0m
  &amp#27;[31mWhen &amp#27;[0m&amp#27;[31mconsulto con el usuario &amp#27;[0m&amp#27;[31m&amp#27;[1m"ejemplo1c"&amp#27;[0m     &amp#27;[90m# es.uclm.esi.CalendarioStepDefinitions.consulto_con_el_usuario(java.lang.String)&amp#27;[0m
      &amp#27;[31morg.springframework.security.authentication.BadCredentialsException: Bad credentials
	at org.springframework.security.authentication.dao.AbstractUserDetailsAuthenticationProvider.authenticate(AbstractUserDetailsAuthenticationProvider.java:151)
	at org.springframework.security.authentication.ProviderManager.authenticate(ProviderManager.java:199)
	at org.springframework.security.authentication.ProviderManager.authenticate(ProviderManager.java:219)
	at org.springframework.security.config.annotation.web.configuration.WebSecurityConfigurerAdapter$AuthenticationManagerDelegator.authenticate(WebSecurityConfigurerAdapter.java:524)
	at es.uclm.esi.CalendarioStepDefinitions.consulto_con_el_usuario(CalendarioStepDefinitions.java:43)
	at âœ½.consulto con el usuario "ejemplo1c"(file:///C:/Eclipse-cuarto/SIGET-Equipo3/src/test/java/es/uclm/esi/features/2calendario.feature:5)
&amp#27;[0m
  &amp#27;[36mAnd &amp#27;[0m&amp#27;[36mel calendario mes con mes &amp#27;[0m&amp#27;[36m&amp#27;[1m11&amp#27;[0m&amp#27;[36m y anio &amp#27;[0m&amp#27;[36m&amp#27;[1m2020&amp#27;[0m &amp#27;[90m# es.uclm.esi.CalendarioStepDefinitions.el_calendario_mes_con_mes_y_anio(java.lang.Integer,java.lang.Integer)&amp#27;[0m
  &amp#27;[36mThen &amp#27;[0m&amp#27;[36mobtengo el codigo &amp#27;[0m&amp#27;[36m&amp#27;[1m200&amp#27;[0m                   &amp#27;[90m# es.uclm.esi.CalendarioStepDefinitions.obtengo_el_codigo(java.lang.Integer)&amp#27;[0m
  &amp#27;[36mAnd &amp#27;[0m&amp#27;[36mobtengo los dias &amp#27;[0m&amp#27;[36m&amp#27;[1m"29,24"&amp#27;[0m                 &amp#27;[90m# es.uclm.esi.CalendarioStepDefinitions.obtengo_los_dias(java.lang.String)&amp#27;[0m
]]></system-out>
  </testcase>
  <testcase name="Calendario mes #2" classname="es.uclm.esi.RunCucumberTest" time="0.181">
    <error message="Bad credentials" type="org.springframework.security.authentication.BadCredentialsException">org.springframework.security.authentication.BadCredentialsException: Bad credentials
</error>
    <system-out><![CDATA[2020-11-28 19:32:43 - Neither @ContextConfiguration nor @ContextHierarchy found for test class [es.uclm.esi.CucumberTestContextConfiguration], using SpringBootContextLoader
2020-11-28 19:32:43 - Could not detect default resource locations for test class [es.uclm.esi.CucumberTestContextConfiguration]: no resource found for suffixes {-context.xml, Context.groovy}.
2020-11-28 19:32:43 - Could not detect default configuration classes for test class [es.uclm.esi.CucumberTestContextConfiguration]: CucumberTestContextConfiguration does not declare any static, non-private, non-final, nested classes annotated with @Configuration.
2020-11-28 19:32:43 - Found @SpringBootConfiguration es.uclm.esi.SigetApplication for test class es.uclm.esi.CucumberTestContextConfiguration
2020-11-28 19:32:43 - Loaded default TestExecutionListener class names from location [META-INF/spring.factories]: [org.springframework.boot.test.mock.mockito.MockitoTestExecutionListener, org.springframework.boot.test.mock.mockito.ResetMocksTestExecutionListener, org.springframework.boot.test.autoconfigure.restdocs.RestDocsTestExecutionListener, org.springframework.boot.test.autoconfigure.web.client.MockRestServiceServerResetTestExecutionListener, org.springframework.boot.test.autoconfigure.web.servlet.MockMvcPrintOnlyOnFailureTestExecutionListener, org.springframework.boot.test.autoconfigure.web.servlet.WebDriverTestExecutionListener, org.springframework.boot.test.autoconfigure.webservices.client.MockWebServiceServerTestExecutionListener, org.springframework.test.context.web.ServletTestExecutionListener, org.springframework.test.context.support.DirtiesContextBeforeModesTestExecutionListener, org.springframework.test.context.support.DependencyInjectionTestExecutionListener, org.springframework.test.context.support.DirtiesContextTestExecutionListener, org.springframework.test.context.transaction.TransactionalTestExecutionListener, org.springframework.test.context.jdbc.SqlScriptsTestExecutionListener, org.springframework.test.context.event.EventPublishingTestExecutionListener, org.springframework.security.test.context.support.WithSecurityContextTestExecutionListener, org.springframework.security.test.context.support.ReactorContextTestExecutionListener]
2020-11-28 19:32:43 - Using TestExecutionListeners: [org.springframework.test.context.web.ServletTestExecutionListener@556944cd, org.springframework.test.context.support.DirtiesContextBeforeModesTestExecutionListener@370a935f, org.springframework.boot.test.mock.mockito.MockitoTestExecutionListener@7e017f47, org.springframework.boot.test.autoconfigure.SpringBootDependencyInjectionTestExecutionListener@6166aac5, org.springframework.test.context.support.DirtiesContextTestExecutionListener@7e36d508, org.springframework.test.context.transaction.TransactionalTestExecutionListener@1d4531fa, org.springframework.test.context.jdbc.SqlScriptsTestExecutionListener@68cb8e52, org.springframework.test.context.event.EventPublishingTestExecutionListener@3c2f310c, org.springframework.security.test.context.support.WithSecurityContextTestExecutionListener@74f92d14, org.springframework.security.test.context.support.ReactorContextTestExecutionListener@40071890, org.springframework.boot.test.mock.mockito.ResetMocksTestExecutionListener@748aa7dc, org.springframework.boot.test.autoconfigure.restdocs.RestDocsTestExecutionListener@31e84f10, org.springframework.boot.test.autoconfigure.web.client.MockRestServiceServerResetTestExecutionListener@c4455b4, org.springframework.boot.test.autoconfigure.web.servlet.MockMvcPrintOnlyOnFailureTestExecutionListener@747f0f34, org.springframework.boot.test.autoconfigure.web.servlet.WebDriverTestExecutionListener@556ae220, org.springframework.boot.test.autoconfigure.webservices.client.MockWebServiceServerTestExecutionListener@2689b752]

Scenario Outline: Calendario mes               &amp#27;[90m# src/test/java/es/uclm/esi/features/2calendario.feature:13&amp#27;[0m
  &amp#27;[31mWhen &amp#27;[0m&amp#27;[31mconsulto con el usuario &amp#27;[0m&amp#27;[31m&amp#27;[1m"ejemplo2c"&amp#27;[0m     &amp#27;[90m# es.uclm.esi.CalendarioStepDefinitions.consulto_con_el_usuario(java.lang.String)&amp#27;[0m
      &amp#27;[31morg.springframework.security.authentication.BadCredentialsException: Bad credentials
	at org.springframework.security.authentication.dao.AbstractUserDetailsAuthenticationProvider.authenticate(AbstractUserDetailsAuthenticationProvider.java:151)
	at org.springframework.security.authentication.ProviderManager.authenticate(ProviderManager.java:199)
	at org.springframework.security.authentication.ProviderManager.authenticate(ProviderManager.java:219)
	at org.springframework.security.config.annotation.web.configuration.WebSecurityConfigurerAdapter$AuthenticationManagerDelegator.authenticate(WebSecurityConfigurerAdapter.java:524)
	at es.uclm.esi.CalendarioStepDefinitions.consulto_con_el_usuario(CalendarioStepDefinitions.java:48)
	at âœ½.consulto con el usuario "ejemplo2c"(file:///C:/Eclipse-cuarto/SIGET-Equipo3/src/test/java/es/uclm/esi/features/2calendario.feature:5)
&amp#27;[0m
  &amp#27;[36mAnd &amp#27;[0m&amp#27;[36mel calendario mes con mes &amp#27;[0m&amp#27;[36m&amp#27;[1m11&amp#27;[0m&amp#27;[36m y anio &amp#27;[0m&amp#27;[36m&amp#27;[1m2020&amp#27;[0m &amp#27;[90m# es.uclm.esi.CalendarioStepDefinitions.el_calendario_mes_con_mes_y_anio(java.lang.Integer,java.lang.Integer)&amp#27;[0m
  &amp#27;[36mThen &amp#27;[0m&amp#27;[36mobtengo el codigo &amp#27;[0m&amp#27;[36m&amp#27;[1m200&amp#27;[0m                   &amp#27;[90m# es.uclm.esi.CalendarioStepDefinitions.obtengo_el_codigo(java.lang.Integer)&amp#27;[0m
  &amp#27;[36mAnd &amp#27;[0m&amp#27;[36mobtengo los dias &amp#27;[0m&amp#27;[36m&amp#27;[1m"29"&amp#27;[0m                    &amp#27;[90m# es.uclm.esi.CalendarioStepDefinitions.obtengo_los_dias(java.lang.String)&amp#27;[0m
]]></system-out>
  </testcase>
  <testcase name="Calendario mes #3" classname="es.uclm.esi.RunCucumberTest" time="0.203">
    <error message="Bad credentials" type="org.springframework.security.authentication.BadCredentialsException">org.springframework.security.authentication.BadCredentialsException: Bad credentials
</error>
    <system-out><![CDATA[2020-11-28 19:32:43 - Neither @ContextConfiguration nor @ContextHierarchy found for test class [es.uclm.esi.CucumberTestContextConfiguration], using SpringBootContextLoader
2020-11-28 19:32:43 - Could not detect default resource locations for test class [es.uclm.esi.CucumberTestContextConfiguration]: no resource found for suffixes {-context.xml, Context.groovy}.
2020-11-28 19:32:43 - Could not detect default configuration classes for test class [es.uclm.esi.CucumberTestContextConfiguration]: CucumberTestContextConfiguration does not declare any static, non-private, non-final, nested classes annotated with @Configuration.
2020-11-28 19:32:43 - Found @SpringBootConfiguration es.uclm.esi.SigetApplication for test class es.uclm.esi.CucumberTestContextConfiguration
2020-11-28 19:32:43 - Loaded default TestExecutionListener class names from location [META-INF/spring.factories]: [org.springframework.boot.test.mock.mockito.MockitoTestExecutionListener, org.springframework.boot.test.mock.mockito.ResetMocksTestExecutionListener, org.springframework.boot.test.autoconfigure.restdocs.RestDocsTestExecutionListener, org.springframework.boot.test.autoconfigure.web.client.MockRestServiceServerResetTestExecutionListener, org.springframework.boot.test.autoconfigure.web.servlet.MockMvcPrintOnlyOnFailureTestExecutionListener, org.springframework.boot.test.autoconfigure.web.servlet.WebDriverTestExecutionListener, org.springframework.boot.test.autoconfigure.webservices.client.MockWebServiceServerTestExecutionListener, org.springframework.test.context.web.ServletTestExecutionListener, org.springframework.test.context.support.DirtiesContextBeforeModesTestExecutionListener, org.springframework.test.context.support.DependencyInjectionTestExecutionListener, org.springframework.test.context.support.DirtiesContextTestExecutionListener, org.springframework.test.context.transaction.TransactionalTestExecutionListener, org.springframework.test.context.jdbc.SqlScriptsTestExecutionListener, org.springframework.test.context.event.EventPublishingTestExecutionListener, org.springframework.security.test.context.support.WithSecurityContextTestExecutionListener, org.springframework.security.test.context.support.ReactorContextTestExecutionListener]
2020-11-28 19:32:43 - Using TestExecutionListeners: [org.springframework.test.context.web.ServletTestExecutionListener@4440750, org.springframework.test.context.support.DirtiesContextBeforeModesTestExecutionListener@63d9e1a, org.springframework.boot.test.mock.mockito.MockitoTestExecutionListener@6d658aa8, org.springframework.boot.test.autoconfigure.SpringBootDependencyInjectionTestExecutionListener@10280879, org.springframework.test.context.support.DirtiesContextTestExecutionListener@3472f3ab, org.springframework.test.context.transaction.TransactionalTestExecutionListener@5e557671, org.springframework.test.context.jdbc.SqlScriptsTestExecutionListener@1f2497d9, org.springframework.test.context.event.EventPublishingTestExecutionListener@4f1f2f84, org.springframework.security.test.context.support.WithSecurityContextTestExecutionListener@6c537267, org.springframework.security.test.context.support.ReactorContextTestExecutionListener@19c06762, org.springframework.boot.test.mock.mockito.ResetMocksTestExecutionListener@22e1a1dc, org.springframework.boot.test.autoconfigure.restdocs.RestDocsTestExecutionListener@14b4d90b, org.springframework.boot.test.autoconfigure.web.client.MockRestServiceServerResetTestExecutionListener@638341b0, org.springframework.boot.test.autoconfigure.web.servlet.MockMvcPrintOnlyOnFailureTestExecutionListener@7962c1d5, org.springframework.boot.test.autoconfigure.web.servlet.WebDriverTestExecutionListener@56226064, org.springframework.boot.test.autoconfigure.webservices.client.MockWebServiceServerTestExecutionListener@646c872a]

Scenario Outline: Calendario mes               &amp#27;[90m# src/test/java/es/uclm/esi/features/2calendario.feature:14&amp#27;[0m
  &amp#27;[31mWhen &amp#27;[0m&amp#27;[31mconsulto con el usuario &amp#27;[0m&amp#27;[31m&amp#27;[1m"ejemplo2c"&amp#27;[0m     &amp#27;[90m# es.uclm.esi.CalendarioStepDefinitions.consulto_con_el_usuario(java.lang.String)&amp#27;[0m
      &amp#27;[31morg.springframework.security.authentication.BadCredentialsException: Bad credentials
	at org.springframework.security.authentication.dao.AbstractUserDetailsAuthenticationProvider.authenticate(AbstractUserDetailsAuthenticationProvider.java:151)
	at org.springframework.security.authentication.ProviderManager.authenticate(ProviderManager.java:199)
	at org.springframework.security.authentication.ProviderManager.authenticate(ProviderManager.java:219)
	at org.springframework.security.config.annotation.web.configuration.WebSecurityConfigurerAdapter$AuthenticationManagerDelegator.authenticate(WebSecurityConfigurerAdapter.java:524)
	at es.uclm.esi.CalendarioStepDefinitions.consulto_con_el_usuario(CalendarioStepDefinitions.java:48)
	at âœ½.consulto con el usuario "ejemplo2c"(file:///C:/Eclipse-cuarto/SIGET-Equipo3/src/test/java/es/uclm/esi/features/2calendario.feature:5)
&amp#27;[0m
  &amp#27;[36mAnd &amp#27;[0m&amp#27;[36mel calendario mes con mes &amp#27;[0m&amp#27;[36m&amp#27;[1m12&amp#27;[0m&amp#27;[36m y anio &amp#27;[0m&amp#27;[36m&amp#27;[1m2020&amp#27;[0m &amp#27;[90m# es.uclm.esi.CalendarioStepDefinitions.el_calendario_mes_con_mes_y_anio(java.lang.Integer,java.lang.Integer)&amp#27;[0m
  &amp#27;[36mThen &amp#27;[0m&amp#27;[36mobtengo el codigo &amp#27;[0m&amp#27;[36m&amp#27;[1m200&amp#27;[0m                   &amp#27;[90m# es.uclm.esi.CalendarioStepDefinitions.obtengo_el_codigo(java.lang.Integer)&amp#27;[0m
  &amp#27;[36mAnd &amp#27;[0m&amp#27;[36mobtengo los dias &amp#27;[0m&amp#27;[36m&amp#27;[1m""&amp#27;[0m                      &amp#27;[90m# es.uclm.esi.CalendarioStepDefinitions.obtengo_los_dias(java.lang.String)&amp#27;[0m
]]></system-out>
  </testcase>
  <testcase name="Calendario dia #1" classname="es.uclm.esi.RunCucumberTest" time="0.191">
    <error message="Bad credentials" type="org.springframework.security.authentication.BadCredentialsException">org.springframework.security.authentication.BadCredentialsException: Bad credentials
</error>
    <system-out><![CDATA[2020-11-28 19:32:43 - Neither @ContextConfiguration nor @ContextHierarchy found for test class [es.uclm.esi.CucumberTestContextConfiguration], using SpringBootContextLoader
2020-11-28 19:32:43 - Could not detect default resource locations for test class [es.uclm.esi.CucumberTestContextConfiguration]: no resource found for suffixes {-context.xml, Context.groovy}.
2020-11-28 19:32:43 - Could not detect default configuration classes for test class [es.uclm.esi.CucumberTestContextConfiguration]: CucumberTestContextConfiguration does not declare any static, non-private, non-final, nested classes annotated with @Configuration.
2020-11-28 19:32:43 - Found @SpringBootConfiguration es.uclm.esi.SigetApplication for test class es.uclm.esi.CucumberTestContextConfiguration
2020-11-28 19:32:43 - Loaded default TestExecutionListener class names from location [META-INF/spring.factories]: [org.springframework.boot.test.mock.mockito.MockitoTestExecutionListener, org.springframework.boot.test.mock.mockito.ResetMocksTestExecutionListener, org.springframework.boot.test.autoconfigure.restdocs.RestDocsTestExecutionListener, org.springframework.boot.test.autoconfigure.web.client.MockRestServiceServerResetTestExecutionListener, org.springframework.boot.test.autoconfigure.web.servlet.MockMvcPrintOnlyOnFailureTestExecutionListener, org.springframework.boot.test.autoconfigure.web.servlet.WebDriverTestExecutionListener, org.springframework.boot.test.autoconfigure.webservices.client.MockWebServiceServerTestExecutionListener, org.springframework.test.context.web.ServletTestExecutionListener, org.springframework.test.context.support.DirtiesContextBeforeModesTestExecutionListener, org.springframework.test.context.support.DependencyInjectionTestExecutionListener, org.springframework.test.context.support.DirtiesContextTestExecutionListener, org.springframework.test.context.transaction.TransactionalTestExecutionListener, org.springframework.test.context.jdbc.SqlScriptsTestExecutionListener, org.springframework.test.context.event.EventPublishingTestExecutionListener, org.springframework.security.test.context.support.WithSecurityContextTestExecutionListener, org.springframework.security.test.context.support.ReactorContextTestExecutionListener]
2020-11-28 19:32:43 - Using TestExecutionListeners: [org.springframework.test.context.web.ServletTestExecutionListener@7298c2d9, org.springframework.test.context.support.DirtiesContextBeforeModesTestExecutionListener@377cbdae, org.springframework.boot.test.mock.mockito.MockitoTestExecutionListener@37a939bc, org.springframework.boot.test.autoconfigure.SpringBootDependencyInjectionTestExecutionListener@74d776fb, org.springframework.test.context.support.DirtiesContextTestExecutionListener@406decb2, org.springframework.test.context.transaction.TransactionalTestExecutionListener@122ea8dc, org.springframework.test.context.jdbc.SqlScriptsTestExecutionListener@6cb417fc, org.springframework.test.context.event.EventPublishingTestExecutionListener@239bc43f, org.springframework.security.test.context.support.WithSecurityContextTestExecutionListener@c3ca482, org.springframework.security.test.context.support.ReactorContextTestExecutionListener@6b338591, org.springframework.boot.test.mock.mockito.ResetMocksTestExecutionListener@277474fc, org.springframework.boot.test.autoconfigure.restdocs.RestDocsTestExecutionListener@5ab3f611, org.springframework.boot.test.autoconfigure.web.client.MockRestServiceServerResetTestExecutionListener@33425171, org.springframework.boot.test.autoconfigure.web.servlet.MockMvcPrintOnlyOnFailureTestExecutionListener@44aa5585, org.springframework.boot.test.autoconfigure.web.servlet.WebDriverTestExecutionListener@40fd1a78, org.springframework.boot.test.autoconfigure.webservices.client.MockWebServiceServerTestExecutionListener@53b7f08]

Scenario Outline: Calendario dia                        &amp#27;[90m# src/test/java/es/uclm/esi/features/2calendario.feature:24&amp#27;[0m
  &amp#27;[31mWhen &amp#27;[0m&amp#27;[31mconsulto con el usuario &amp#27;[0m&amp#27;[31m&amp#27;[1m"ejemplo1c"&amp#27;[0m              &amp#27;[90m# es.uclm.esi.CalendarioStepDefinitions.consulto_con_el_usuario(java.lang.String)&amp#27;[0m
      &amp#27;[31morg.springframework.security.authentication.BadCredentialsException: Bad credentials
	at org.springframework.security.authentication.dao.AbstractUserDetailsAuthenticationProvider.authenticate(AbstractUserDetailsAuthenticationProvider.java:151)
	at org.springframework.security.authentication.ProviderManager.authenticate(ProviderManager.java:199)
	at org.springframework.security.authentication.ProviderManager.authenticate(ProviderManager.java:219)
	at org.springframework.security.config.annotation.web.configuration.WebSecurityConfigurerAdapter$AuthenticationManagerDelegator.authenticate(WebSecurityConfigurerAdapter.java:524)
	at es.uclm.esi.CalendarioStepDefinitions.consulto_con_el_usuario(CalendarioStepDefinitions.java:43)
	at âœ½.consulto con el usuario "ejemplo1c"(file:///C:/Eclipse-cuarto/SIGET-Equipo3/src/test/java/es/uclm/esi/features/2calendario.feature:17)
&amp#27;[0m
  &amp#27;[36mAnd &amp#27;[0m&amp#27;[36mel calendario dia con dia &amp#27;[0m&amp#27;[36m&amp#27;[1m24&amp#27;[0m&amp#27;[36m y mes &amp#27;[0m&amp#27;[36m&amp#27;[1m11&amp#27;[0m&amp#27;[36m y anio &amp#27;[0m&amp#27;[36m&amp#27;[1m2020&amp#27;[0m &amp#27;[90m# es.uclm.esi.CalendarioStepDefinitions.el_calendario_dia_con_dia_y_mes_y_anio(java.lang.Integer,java.lang.Integer,java.lang.Integer)&amp#27;[0m
  &amp#27;[36mThen &amp#27;[0m&amp#27;[36mobtengo el codigo &amp#27;[0m&amp#27;[36m&amp#27;[1m200&amp#27;[0m                            &amp#27;[90m# es.uclm.esi.CalendarioStepDefinitions.obtengo_el_codigo(java.lang.Integer)&amp#27;[0m
  &amp#27;[36mAnd &amp#27;[0m&amp#27;[36mobtengo las reuniones &amp#27;[0m&amp#27;[36m&amp#27;[1m"r ejemplo12"&amp#27;[0m               &amp#27;[90m# es.uclm.esi.CalendarioStepDefinitions.obtengo_las_reuniones(java.lang.String)&amp#27;[0m
]]></system-out>
  </testcase>
  <testcase name="Calendario dia #2" classname="es.uclm.esi.RunCucumberTest" time="0.186">
    <error message="Bad credentials" type="org.springframework.security.authentication.BadCredentialsException">org.springframework.security.authentication.BadCredentialsException: Bad credentials
</error>
    <system-out><![CDATA[2020-11-28 19:32:43 - Neither @ContextConfiguration nor @ContextHierarchy found for test class [es.uclm.esi.CucumberTestContextConfiguration], using SpringBootContextLoader
2020-11-28 19:32:43 - Could not detect default resource locations for test class [es.uclm.esi.CucumberTestContextConfiguration]: no resource found for suffixes {-context.xml, Context.groovy}.
2020-11-28 19:32:43 - Could not detect default configuration classes for test class [es.uclm.esi.CucumberTestContextConfiguration]: CucumberTestContextConfiguration does not declare any static, non-private, non-final, nested classes annotated with @Configuration.
2020-11-28 19:32:43 - Found @SpringBootConfiguration es.uclm.esi.SigetApplication for test class es.uclm.esi.CucumberTestContextConfiguration
2020-11-28 19:32:43 - Loaded default TestExecutionListener class names from location [META-INF/spring.factories]: [org.springframework.boot.test.mock.mockito.MockitoTestExecutionListener, org.springframework.boot.test.mock.mockito.ResetMocksTestExecutionListener, org.springframework.boot.test.autoconfigure.restdocs.RestDocsTestExecutionListener, org.springframework.boot.test.autoconfigure.web.client.MockRestServiceServerResetTestExecutionListener, org.springframework.boot.test.autoconfigure.web.servlet.MockMvcPrintOnlyOnFailureTestExecutionListener, org.springframework.boot.test.autoconfigure.web.servlet.WebDriverTestExecutionListener, org.springframework.boot.test.autoconfigure.webservices.client.MockWebServiceServerTestExecutionListener, org.springframework.test.context.web.ServletTestExecutionListener, org.springframework.test.context.support.DirtiesContextBeforeModesTestExecutionListener, org.springframework.test.context.support.DependencyInjectionTestExecutionListener, org.springframework.test.context.support.DirtiesContextTestExecutionListener, org.springframework.test.context.transaction.TransactionalTestExecutionListener, org.springframework.test.context.jdbc.SqlScriptsTestExecutionListener, org.springframework.test.context.event.EventPublishingTestExecutionListener, org.springframework.security.test.context.support.WithSecurityContextTestExecutionListener, org.springframework.security.test.context.support.ReactorContextTestExecutionListener]
2020-11-28 19:32:43 - Using TestExecutionListeners: [org.springframework.test.context.web.ServletTestExecutionListener@32430075, org.springframework.test.context.support.DirtiesContextBeforeModesTestExecutionListener@1a45e29f, org.springframework.boot.test.mock.mockito.MockitoTestExecutionListener@44580de0, org.springframework.boot.test.autoconfigure.SpringBootDependencyInjectionTestExecutionListener@7b4c793b, org.springframework.test.context.support.DirtiesContextTestExecutionListener@51a69e8f, org.springframework.test.context.transaction.TransactionalTestExecutionListener@6442cf3e, org.springframework.test.context.jdbc.SqlScriptsTestExecutionListener@60f1f95b, org.springframework.test.context.event.EventPublishingTestExecutionListener@786cc1df, org.springframework.security.test.context.support.WithSecurityContextTestExecutionListener@1ddb6abb, org.springframework.security.test.context.support.ReactorContextTestExecutionListener@6f926d01, org.springframework.boot.test.mock.mockito.ResetMocksTestExecutionListener@c67a89, org.springframework.boot.test.autoconfigure.restdocs.RestDocsTestExecutionListener@1e3a2177, org.springframework.boot.test.autoconfigure.web.client.MockRestServiceServerResetTestExecutionListener@58720eb9, org.springframework.boot.test.autoconfigure.web.servlet.MockMvcPrintOnlyOnFailureTestExecutionListener@24749ad3, org.springframework.boot.test.autoconfigure.web.servlet.WebDriverTestExecutionListener@1755aee6, org.springframework.boot.test.autoconfigure.webservices.client.MockWebServiceServerTestExecutionListener@582b14e2]

Scenario Outline: Calendario dia                        &amp#27;[90m# src/test/java/es/uclm/esi/features/2calendario.feature:25&amp#27;[0m
  &amp#27;[31mWhen &amp#27;[0m&amp#27;[31mconsulto con el usuario &amp#27;[0m&amp#27;[31m&amp#27;[1m"ejemplo1c"&amp#27;[0m              &amp#27;[90m# es.uclm.esi.CalendarioStepDefinitions.consulto_con_el_usuario(java.lang.String)&amp#27;[0m
      &amp#27;[31morg.springframework.security.authentication.BadCredentialsException: Bad credentials
	at org.springframework.security.authentication.dao.AbstractUserDetailsAuthenticationProvider.authenticate(AbstractUserDetailsAuthenticationProvider.java:151)
	at org.springframework.security.authentication.ProviderManager.authenticate(ProviderManager.java:199)
	at org.springframework.security.authentication.ProviderManager.authenticate(ProviderManager.java:219)
	at org.springframework.security.config.annotation.web.configuration.WebSecurityConfigurerAdapter$AuthenticationManagerDelegator.authenticate(WebSecurityConfigurerAdapter.java:524)
	at es.uclm.esi.CalendarioStepDefinitions.consulto_con_el_usuario(CalendarioStepDefinitions.java:43)
	at âœ½.consulto con el usuario "ejemplo1c"(file:///C:/Eclipse-cuarto/SIGET-Equipo3/src/test/java/es/uclm/esi/features/2calendario.feature:17)
&amp#27;[0m
  &amp#27;[36mAnd &amp#27;[0m&amp#27;[36mel calendario dia con dia &amp#27;[0m&amp#27;[36m&amp#27;[1m29&amp#27;[0m&amp#27;[36m y mes &amp#27;[0m&amp#27;[36m&amp#27;[1m11&amp#27;[0m&amp#27;[36m y anio &amp#27;[0m&amp#27;[36m&amp#27;[1m2020&amp#27;[0m &amp#27;[90m# es.uclm.esi.CalendarioStepDefinitions.el_calendario_dia_con_dia_y_mes_y_anio(java.lang.Integer,java.lang.Integer,java.lang.Integer)&amp#27;[0m
  &amp#27;[36mThen &amp#27;[0m&amp#27;[36mobtengo el codigo &amp#27;[0m&amp#27;[36m&amp#27;[1m200&amp#27;[0m                            &amp#27;[90m# es.uclm.esi.CalendarioStepDefinitions.obtengo_el_codigo(java.lang.Integer)&amp#27;[0m
  &amp#27;[36mAnd &amp#27;[0m&amp#27;[36mobtengo las reuniones &amp#27;[0m&amp#27;[36m&amp#27;[1m"r ejemplo1"&amp#27;[0m                &amp#27;[90m# es.uclm.esi.CalendarioStepDefinitions.obtengo_las_reuniones(java.lang.String)&amp#27;[0m
]]></system-out>
  </testcase>
  <testcase name="Calendario dia #3" classname="es.uclm.esi.RunCucumberTest" time="0.188">
    <error message="Bad credentials" type="org.springframework.security.authentication.BadCredentialsException">org.springframework.security.authentication.BadCredentialsException: Bad credentials
</error>
    <system-out><![CDATA[2020-11-28 19:32:44 - Neither @ContextConfiguration nor @ContextHierarchy found for test class [es.uclm.esi.CucumberTestContextConfiguration], using SpringBootContextLoader
2020-11-28 19:32:44 - Could not detect default resource locations for test class [es.uclm.esi.CucumberTestContextConfiguration]: no resource found for suffixes {-context.xml, Context.groovy}.
2020-11-28 19:32:44 - Could not detect default configuration classes for test class [es.uclm.esi.CucumberTestContextConfiguration]: CucumberTestContextConfiguration does not declare any static, non-private, non-final, nested classes annotated with @Configuration.
2020-11-28 19:32:44 - Found @SpringBootConfiguration es.uclm.esi.SigetApplication for test class es.uclm.esi.CucumberTestContextConfiguration
2020-11-28 19:32:44 - Loaded default TestExecutionListener class names from location [META-INF/spring.factories]: [org.springframework.boot.test.mock.mockito.MockitoTestExecutionListener, org.springframework.boot.test.mock.mockito.ResetMocksTestExecutionListener, org.springframework.boot.test.autoconfigure.restdocs.RestDocsTestExecutionListener, org.springframework.boot.test.autoconfigure.web.client.MockRestServiceServerResetTestExecutionListener, org.springframework.boot.test.autoconfigure.web.servlet.MockMvcPrintOnlyOnFailureTestExecutionListener, org.springframework.boot.test.autoconfigure.web.servlet.WebDriverTestExecutionListener, org.springframework.boot.test.autoconfigure.webservices.client.MockWebServiceServerTestExecutionListener, org.springframework.test.context.web.ServletTestExecutionListener, org.springframework.test.context.support.DirtiesContextBeforeModesTestExecutionListener, org.springframework.test.context.support.DependencyInjectionTestExecutionListener, org.springframework.test.context.support.DirtiesContextTestExecutionListener, org.springframework.test.context.transaction.TransactionalTestExecutionListener, org.springframework.test.context.jdbc.SqlScriptsTestExecutionListener, org.springframework.test.context.event.EventPublishingTestExecutionListener, org.springframework.security.test.context.support.WithSecurityContextTestExecutionListener, org.springframework.security.test.context.support.ReactorContextTestExecutionListener]
2020-11-28 19:32:44 - Using TestExecutionListeners: [org.springframework.test.context.web.ServletTestExecutionListener@10466c55, org.springframework.test.context.support.DirtiesContextBeforeModesTestExecutionListener@2a5ed225, org.springframework.boot.test.mock.mockito.MockitoTestExecutionListener@2a525f88, org.springframework.boot.test.autoconfigure.SpringBootDependencyInjectionTestExecutionListener@1cf4d454, org.springframework.test.context.support.DirtiesContextTestExecutionListener@3ff3275b, org.springframework.test.context.transaction.TransactionalTestExecutionListener@63e0057a, org.springframework.test.context.jdbc.SqlScriptsTestExecutionListener@5b76b891, org.springframework.test.context.event.EventPublishingTestExecutionListener@611a91df, org.springframework.security.test.context.support.WithSecurityContextTestExecutionListener@47f5ab58, org.springframework.security.test.context.support.ReactorContextTestExecutionListener@245dbd09, org.springframework.boot.test.mock.mockito.ResetMocksTestExecutionListener@4a013b23, org.springframework.boot.test.autoconfigure.restdocs.RestDocsTestExecutionListener@7f20dfd5, org.springframework.boot.test.autoconfigure.web.client.MockRestServiceServerResetTestExecutionListener@15651402, org.springframework.boot.test.autoconfigure.web.servlet.MockMvcPrintOnlyOnFailureTestExecutionListener@5c194652, org.springframework.boot.test.autoconfigure.web.servlet.WebDriverTestExecutionListener@1f02b6d1, org.springframework.boot.test.autoconfigure.webservices.client.MockWebServiceServerTestExecutionListener@66a50c93]

Scenario Outline: Calendario dia                        &amp#27;[90m# src/test/java/es/uclm/esi/features/2calendario.feature:26&amp#27;[0m
  &amp#27;[31mWhen &amp#27;[0m&amp#27;[31mconsulto con el usuario &amp#27;[0m&amp#27;[31m&amp#27;[1m"ejemplo2c"&amp#27;[0m              &amp#27;[90m# es.uclm.esi.CalendarioStepDefinitions.consulto_con_el_usuario(java.lang.String)&amp#27;[0m
      &amp#27;[31morg.springframework.security.authentication.BadCredentialsException: Bad credentials
	at org.springframework.security.authentication.dao.AbstractUserDetailsAuthenticationProvider.authenticate(AbstractUserDetailsAuthenticationProvider.java:151)
	at org.springframework.security.authentication.ProviderManager.authenticate(ProviderManager.java:199)
	at org.springframework.security.authentication.ProviderManager.authenticate(ProviderManager.java:219)
	at org.springframework.security.config.annotation.web.configuration.WebSecurityConfigurerAdapter$AuthenticationManagerDelegator.authenticate(WebSecurityConfigurerAdapter.java:524)
	at es.uclm.esi.CalendarioStepDefinitions.consulto_con_el_usuario(CalendarioStepDefinitions.java:48)
	at âœ½.consulto con el usuario "ejemplo2c"(file:///C:/Eclipse-cuarto/SIGET-Equipo3/src/test/java/es/uclm/esi/features/2calendario.feature:17)
&amp#27;[0m
  &amp#27;[36mAnd &amp#27;[0m&amp#27;[36mel calendario dia con dia &amp#27;[0m&amp#27;[36m&amp#27;[1m29&amp#27;[0m&amp#27;[36m y mes &amp#27;[0m&amp#27;[36m&amp#27;[1m11&amp#27;[0m&amp#27;[36m y anio &amp#27;[0m&amp#27;[36m&amp#27;[1m2020&amp#27;[0m &amp#27;[90m# es.uclm.esi.CalendarioStepDefinitions.el_calendario_dia_con_dia_y_mes_y_anio(java.lang.Integer,java.lang.Integer,java.lang.Integer)&amp#27;[0m
  &amp#27;[36mThen &amp#27;[0m&amp#27;[36mobtengo el codigo &amp#27;[0m&amp#27;[36m&amp#27;[1m200&amp#27;[0m                            &amp#27;[90m# es.uclm.esi.CalendarioStepDefinitions.obtengo_el_codigo(java.lang.Integer)&amp#27;[0m
  &amp#27;[36mAnd &amp#27;[0m&amp#27;[36mobtengo las reuniones &amp#27;[0m&amp#27;[36m&amp#27;[1m"r ejemplo1,r ejemplo2"&amp#27;[0m     &amp#27;[90m# es.uclm.esi.CalendarioStepDefinitions.obtengo_las_reuniones(java.lang.String)&amp#27;[0m
]]></system-out>
  </testcase>
  <testcase name="Calendario dia #4" classname="es.uclm.esi.RunCucumberTest" time="0.177">
    <error message="Bad credentials" type="org.springframework.security.authentication.BadCredentialsException">org.springframework.security.authentication.BadCredentialsException: Bad credentials
</error>
    <system-out><![CDATA[2020-11-28 19:32:44 - Neither @ContextConfiguration nor @ContextHierarchy found for test class [es.uclm.esi.CucumberTestContextConfiguration], using SpringBootContextLoader
2020-11-28 19:32:44 - Could not detect default resource locations for test class [es.uclm.esi.CucumberTestContextConfiguration]: no resource found for suffixes {-context.xml, Context.groovy}.
2020-11-28 19:32:44 - Could not detect default configuration classes for test class [es.uclm.esi.CucumberTestContextConfiguration]: CucumberTestContextConfiguration does not declare any static, non-private, non-final, nested classes annotated with @Configuration.
2020-11-28 19:32:44 - Found @SpringBootConfiguration es.uclm.esi.SigetApplication for test class es.uclm.esi.CucumberTestContextConfiguration
2020-11-28 19:32:44 - Loaded default TestExecutionListener class names from location [META-INF/spring.factories]: [org.springframework.boot.test.mock.mockito.MockitoTestExecutionListener, org.springframework.boot.test.mock.mockito.ResetMocksTestExecutionListener, org.springframework.boot.test.autoconfigure.restdocs.RestDocsTestExecutionListener, org.springframework.boot.test.autoconfigure.web.client.MockRestServiceServerResetTestExecutionListener, org.springframework.boot.test.autoconfigure.web.servlet.MockMvcPrintOnlyOnFailureTestExecutionListener, org.springframework.boot.test.autoconfigure.web.servlet.WebDriverTestExecutionListener, org.springframework.boot.test.autoconfigure.webservices.client.MockWebServiceServerTestExecutionListener, org.springframework.test.context.web.ServletTestExecutionListener, org.springframework.test.context.support.DirtiesContextBeforeModesTestExecutionListener, org.springframework.test.context.support.DependencyInjectionTestExecutionListener, org.springframework.test.context.support.DirtiesContextTestExecutionListener, org.springframework.test.context.transaction.TransactionalTestExecutionListener, org.springframework.test.context.jdbc.SqlScriptsTestExecutionListener, org.springframework.test.context.event.EventPublishingTestExecutionListener, org.springframework.security.test.context.support.WithSecurityContextTestExecutionListener, org.springframework.security.test.context.support.ReactorContextTestExecutionListener]
2020-11-28 19:32:44 - Using TestExecutionListeners: [org.springframework.test.context.web.ServletTestExecutionListener@951e911, org.springframework.test.context.support.DirtiesContextBeforeModesTestExecutionListener@3cb376a3, org.springframework.boot.test.mock.mockito.MockitoTestExecutionListener@7022fb5c, org.springframework.boot.test.autoconfigure.SpringBootDependencyInjectionTestExecutionListener@426940f9, org.springframework.test.context.support.DirtiesContextTestExecutionListener@447630c4, org.springframework.test.context.transaction.TransactionalTestExecutionListener@63d75087, org.springframework.test.context.jdbc.SqlScriptsTestExecutionListener@4c8afba, org.springframework.test.context.event.EventPublishingTestExecutionListener@cae4952, org.springframework.security.test.context.support.WithSecurityContextTestExecutionListener@79aba813, org.springframework.security.test.context.support.ReactorContextTestExecutionListener@20a18cc9, org.springframework.boot.test.mock.mockito.ResetMocksTestExecutionListener@61555218, org.springframework.boot.test.autoconfigure.restdocs.RestDocsTestExecutionListener@1fcf73b9, org.springframework.boot.test.autoconfigure.web.client.MockRestServiceServerResetTestExecutionListener@3b80bb63, org.springframework.boot.test.autoconfigure.web.servlet.MockMvcPrintOnlyOnFailureTestExecutionListener@17ebbf1e, org.springframework.boot.test.autoconfigure.web.servlet.WebDriverTestExecutionListener@5c65fa69, org.springframework.boot.test.autoconfigure.webservices.client.MockWebServiceServerTestExecutionListener@38d308e7]

Scenario Outline: Calendario dia                        &amp#27;[90m# src/test/java/es/uclm/esi/features/2calendario.feature:27&amp#27;[0m
  &amp#27;[31mWhen &amp#27;[0m&amp#27;[31mconsulto con el usuario &amp#27;[0m&amp#27;[31m&amp#27;[1m"ejemplo2c"&amp#27;[0m              &amp#27;[90m# es.uclm.esi.CalendarioStepDefinitions.consulto_con_el_usuario(java.lang.String)&amp#27;[0m
      &amp#27;[31morg.springframework.security.authentication.BadCredentialsException: Bad credentials
	at org.springframework.security.authentication.dao.AbstractUserDetailsAuthenticationProvider.authenticate(AbstractUserDetailsAuthenticationProvider.java:151)
	at org.springframework.security.authentication.ProviderManager.authenticate(ProviderManager.java:199)
	at org.springframework.security.authentication.ProviderManager.authenticate(ProviderManager.java:219)
	at org.springframework.security.config.annotation.web.configuration.WebSecurityConfigurerAdapter$AuthenticationManagerDelegator.authenticate(WebSecurityConfigurerAdapter.java:524)
	at es.uclm.esi.CalendarioStepDefinitions.consulto_con_el_usuario(CalendarioStepDefinitions.java:48)
	at âœ½.consulto con el usuario "ejemplo2c"(file:///C:/Eclipse-cuarto/SIGET-Equipo3/src/test/java/es/uclm/esi/features/2calendario.feature:17)
&amp#27;[0m
  &amp#27;[36mAnd &amp#27;[0m&amp#27;[36mel calendario dia con dia &amp#27;[0m&amp#27;[36m&amp#27;[1m24&amp#27;[0m&amp#27;[36m y mes &amp#27;[0m&amp#27;[36m&amp#27;[1m11&amp#27;[0m&amp#27;[36m y anio &amp#27;[0m&amp#27;[36m&amp#27;[1m2020&amp#27;[0m &amp#27;[90m# es.uclm.esi.CalendarioStepDefinitions.el_calendario_dia_con_dia_y_mes_y_anio(java.lang.Integer,java.lang.Integer,java.lang.Integer)&amp#27;[0m
  &amp#27;[36mThen &amp#27;[0m&amp#27;[36mobtengo el codigo &amp#27;[0m&amp#27;[36m&amp#27;[1m200&amp#27;[0m                            &amp#27;[90m# es.uclm.esi.CalendarioStepDefinitions.obtengo_el_codigo(java.lang.Integer)&amp#27;[0m
  &amp#27;[36mAnd &amp#27;[0m&amp#27;[36mobtengo las reuniones &amp#27;[0m&amp#27;[36m&amp#27;[1m""&amp#27;[0m                          &amp#27;[90m# es.uclm.esi.CalendarioStepDefinitions.obtengo_las_reuniones(java.lang.String)&amp#27;[0m
]]></system-out>
  </testcase>
  <testcase name="convocar #1" classname="es.uclm.esi.RunCucumberTest" time="0.183">
    <error message="Bad credentials" type="org.springframework.security.authentication.BadCredentialsException">org.springframework.security.authentication.BadCredentialsException: Bad credentials
</error>
    <system-out><![CDATA[2020-11-28 19:32:44 - Neither @ContextConfiguration nor @ContextHierarchy found for test class [es.uclm.esi.CucumberTestContextConfiguration], using SpringBootContextLoader
2020-11-28 19:32:44 - Could not detect default resource locations for test class [es.uclm.esi.CucumberTestContextConfiguration]: no resource found for suffixes {-context.xml, Context.groovy}.
2020-11-28 19:32:44 - Could not detect default configuration classes for test class [es.uclm.esi.CucumberTestContextConfiguration]: CucumberTestContextConfiguration does not declare any static, non-private, non-final, nested classes annotated with @Configuration.
2020-11-28 19:32:44 - Found @SpringBootConfiguration es.uclm.esi.SigetApplication for test class es.uclm.esi.CucumberTestContextConfiguration
2020-11-28 19:32:44 - Loaded default TestExecutionListener class names from location [META-INF/spring.factories]: [org.springframework.boot.test.mock.mockito.MockitoTestExecutionListener, org.springframework.boot.test.mock.mockito.ResetMocksTestExecutionListener, org.springframework.boot.test.autoconfigure.restdocs.RestDocsTestExecutionListener, org.springframework.boot.test.autoconfigure.web.client.MockRestServiceServerResetTestExecutionListener, org.springframework.boot.test.autoconfigure.web.servlet.MockMvcPrintOnlyOnFailureTestExecutionListener, org.springframework.boot.test.autoconfigure.web.servlet.WebDriverTestExecutionListener, org.springframework.boot.test.autoconfigure.webservices.client.MockWebServiceServerTestExecutionListener, org.springframework.test.context.web.ServletTestExecutionListener, org.springframework.test.context.support.DirtiesContextBeforeModesTestExecutionListener, org.springframework.test.context.support.DependencyInjectionTestExecutionListener, org.springframework.test.context.support.DirtiesContextTestExecutionListener, org.springframework.test.context.transaction.TransactionalTestExecutionListener, org.springframework.test.context.jdbc.SqlScriptsTestExecutionListener, org.springframework.test.context.event.EventPublishingTestExecutionListener, org.springframework.security.test.context.support.WithSecurityContextTestExecutionListener, org.springframework.security.test.context.support.ReactorContextTestExecutionListener]
2020-11-28 19:32:44 - Using TestExecutionListeners: [org.springframework.test.context.web.ServletTestExecutionListener@4c6fabba, org.springframework.test.context.support.DirtiesContextBeforeModesTestExecutionListener@3f2ab6ec, org.springframework.boot.test.mock.mockito.MockitoTestExecutionListener@1f1e15de, org.springframework.boot.test.autoconfigure.SpringBootDependencyInjectionTestExecutionListener@2ea0161f, org.springframework.test.context.support.DirtiesContextTestExecutionListener@1f235a0a, org.springframework.test.context.transaction.TransactionalTestExecutionListener@75d402d4, org.springframework.test.context.jdbc.SqlScriptsTestExecutionListener@1a0b4955, org.springframework.test.context.event.EventPublishingTestExecutionListener@3435a4e5, org.springframework.security.test.context.support.WithSecurityContextTestExecutionListener@31434b63, org.springframework.security.test.context.support.ReactorContextTestExecutionListener@64d42d3d, org.springframework.boot.test.mock.mockito.ResetMocksTestExecutionListener@24558113, org.springframework.boot.test.autoconfigure.restdocs.RestDocsTestExecutionListener@3d5e0bf0, org.springframework.boot.test.autoconfigure.web.client.MockRestServiceServerResetTestExecutionListener@166d576b, org.springframework.boot.test.autoconfigure.web.servlet.MockMvcPrintOnlyOnFailureTestExecutionListener@53153d5e, org.springframework.boot.test.autoconfigure.web.servlet.WebDriverTestExecutionListener@5b407336, org.springframework.boot.test.autoconfigure.webservices.client.MockWebServiceServerTestExecutionListener@160cf225]

Scenario Outline: convocar                                               &amp#27;[90m# src/test/java/es/uclm/esi/features/3convocarReunion.feature:17&amp#27;[0m
  &amp#27;[32mWhen &amp#27;[0m&amp#27;[32mtitulo es &amp#27;[0m&amp#27;[32m&amp#27;[1m"Reunion 1"&amp#27;[0m                                             &amp#27;[90m# es.uclm.esi.ConvocarReunionStepDefinitions.titulo_es(java.lang.String)&amp#27;[0m
  &amp#27;[32mAnd &amp#27;[0m&amp#27;[32mdia es &amp#27;[0m&amp#27;[32m&amp#27;[1m52&amp#27;[0m                                                          &amp#27;[90m# es.uclm.esi.ConvocarReunionStepDefinitions.dia_es(java.lang.Integer)&amp#27;[0m
  &amp#27;[32mAnd &amp#27;[0m&amp#27;[32mmes es &amp#27;[0m&amp#27;[32m&amp#27;[1m12&amp#27;[0m                                                          &amp#27;[90m# es.uclm.esi.ConvocarReunionStepDefinitions.mes_es(java.lang.Integer)&amp#27;[0m
  &amp#27;[32mAnd &amp#27;[0m&amp#27;[32mano es &amp#27;[0m&amp#27;[32m&amp#27;[1m2020&amp#27;[0m                                                        &amp#27;[90m# es.uclm.esi.ConvocarReunionStepDefinitions.ano_es(java.lang.Integer)&amp#27;[0m
  &amp#27;[32mAnd &amp#27;[0m&amp#27;[32mhora es &amp#27;[0m&amp#27;[32m&amp#27;[1m"22:00"&amp#27;[0m                                                    &amp#27;[90m# es.uclm.esi.ConvocarReunionStepDefinitions.hora_es(java.lang.String)&amp#27;[0m
  &amp#27;[32mAnd &amp#27;[0m&amp#27;[32mdescripcion es &amp#27;[0m&amp#27;[32m&amp#27;[1m"Prueba"&amp#27;[0m                                            &amp#27;[90m# es.uclm.esi.ConvocarReunionStepDefinitions.descripcion_es(java.lang.String)&amp#27;[0m
  &amp#27;[32mAnd &amp#27;[0m&amp#27;[32masistentes son &amp#27;[0m&amp#27;[32m&amp#27;[1m"Fatima:pendiente,Victor:pendiente,admin:pendiente"&amp#27;[0m &amp#27;[90m# es.uclm.esi.ConvocarReunionStepDefinitions.asistentes_son(java.lang.String)&amp#27;[0m
  &amp#27;[31mThen &amp#27;[0m&amp#27;[31mconvoco la reunion&amp#27;[0m                                                &amp#27;[90m# es.uclm.esi.ConvocarReunionStepDefinitions.convoco_la_reunion()&amp#27;[0m
      &amp#27;[31morg.springframework.security.authentication.BadCredentialsException: Bad credentials
	at org.springframework.security.authentication.dao.AbstractUserDetailsAuthenticationProvider.authenticate(AbstractUserDetailsAuthenticationProvider.java:151)
	at org.springframework.security.authentication.ProviderManager.authenticate(ProviderManager.java:199)
	at org.springframework.security.authentication.ProviderManager.authenticate(ProviderManager.java:219)
	at org.springframework.security.config.annotation.web.configuration.WebSecurityConfigurerAdapter$AuthenticationManagerDelegator.authenticate(WebSecurityConfigurerAdapter.java:524)
	at es.uclm.esi.ConvocarReunionStepDefinitions.convoco_la_reunion(ConvocarReunionStepDefinitions.java:95)
	at âœ½.convoco la reunion(file:///C:/Eclipse-cuarto/SIGET-Equipo3/src/test/java/es/uclm/esi/features/3convocarReunion.feature:12)
&amp#27;[0m
  &amp#27;[36mThen &amp#27;[0m&amp#27;[36mla respuesta a convocar sera &amp#27;[0m&amp#27;[36m&amp#27;[1m400&amp#27;[0m                                  &amp#27;[90m# es.uclm.esi.ConvocarReunionStepDefinitions.la_respuesta_a_convocar_sera(java.lang.Integer)&amp#27;[0m
]]></system-out>
  </testcase>
  <testcase name="convocar #2" classname="es.uclm.esi.RunCucumberTest" time="0.188">
    <error message="Bad credentials" type="org.springframework.security.authentication.BadCredentialsException">org.springframework.security.authentication.BadCredentialsException: Bad credentials
</error>
    <system-out><![CDATA[2020-11-28 19:32:44 - Neither @ContextConfiguration nor @ContextHierarchy found for test class [es.uclm.esi.CucumberTestContextConfiguration], using SpringBootContextLoader
2020-11-28 19:32:44 - Could not detect default resource locations for test class [es.uclm.esi.CucumberTestContextConfiguration]: no resource found for suffixes {-context.xml, Context.groovy}.
2020-11-28 19:32:44 - Could not detect default configuration classes for test class [es.uclm.esi.CucumberTestContextConfiguration]: CucumberTestContextConfiguration does not declare any static, non-private, non-final, nested classes annotated with @Configuration.
2020-11-28 19:32:44 - Found @SpringBootConfiguration es.uclm.esi.SigetApplication for test class es.uclm.esi.CucumberTestContextConfiguration
2020-11-28 19:32:44 - Loaded default TestExecutionListener class names from location [META-INF/spring.factories]: [org.springframework.boot.test.mock.mockito.MockitoTestExecutionListener, org.springframework.boot.test.mock.mockito.ResetMocksTestExecutionListener, org.springframework.boot.test.autoconfigure.restdocs.RestDocsTestExecutionListener, org.springframework.boot.test.autoconfigure.web.client.MockRestServiceServerResetTestExecutionListener, org.springframework.boot.test.autoconfigure.web.servlet.MockMvcPrintOnlyOnFailureTestExecutionListener, org.springframework.boot.test.autoconfigure.web.servlet.WebDriverTestExecutionListener, org.springframework.boot.test.autoconfigure.webservices.client.MockWebServiceServerTestExecutionListener, org.springframework.test.context.web.ServletTestExecutionListener, org.springframework.test.context.support.DirtiesContextBeforeModesTestExecutionListener, org.springframework.test.context.support.DependencyInjectionTestExecutionListener, org.springframework.test.context.support.DirtiesContextTestExecutionListener, org.springframework.test.context.transaction.TransactionalTestExecutionListener, org.springframework.test.context.jdbc.SqlScriptsTestExecutionListener, org.springframework.test.context.event.EventPublishingTestExecutionListener, org.springframework.security.test.context.support.WithSecurityContextTestExecutionListener, org.springframework.security.test.context.support.ReactorContextTestExecutionListener]
[...]
2020-11-28 19:32:45 - Using TestExecutionListeners: [org.springframework.test.context.web.ServletTestExecutionListener@27aa7294, org.springframework.test.context.support.DirtiesContextBeforeModesTestExecutionListener@5d10df04, org.springframework.boot.test.mock.mockito.MockitoTestExecutionListener@56d3af4d, org.springframework.boot.test.autoconfigure.SpringBootDependencyInjectionTestExecutionListener@43b7bd5a, org.springframework.test.context.support.DirtiesContextTestExecutionListener@37fd496a, org.springframework.test.context.transaction.TransactionalTestExecutionListener@6c4e486e, org.springframework.test.context.jdbc.SqlScriptsTestExecutionListener@27ac3b6d, org.springframework.test.context.event.EventPublishingTestExecutionListener@598f1faf, org.springframework.security.test.context.support.WithSecurityContextTestExecutionListener@464abed, org.springframework.security.test.context.support.ReactorContextTestExecutionListener@1af78e37, org.springframework.boot.test.mock.mockito.ResetMocksTestExecutionListener@5c46a957, org.springframework.boot.test.autoconfigure.restdocs.RestDocsTestExecutionListener@7d95a717, org.springframework.boot.test.autoconfigure.web.client.MockRestServiceServerResetTestExecutionListener@5c0f508b, org.springframework.boot.test.autoconfigure.web.servlet.MockMvcPrintOnlyOnFailureTestExecutionListener@7a2ffb0b, org.springframework.boot.test.autoconfigure.web.servlet.WebDriverTestExecutionListener@13cae908, org.springframework.boot.test.autoconfigure.webservices.client.MockWebServiceServerTestExecutionListener@43b74979]

Scenario Outline: cancelar       &amp#27;[90m# src/test/java/es/uclm/esi/features/6cancelarReunion.feature:11&amp#27;[0m
  &amp#27;[31mWhen &amp#27;[0m&amp#27;[31mcancelo la reunion&amp#27;[0m        &amp#27;[90m# es.uclm.esi.CancelarReunionStepDefinitions.cancelo_la_reunion()&amp#27;[0m
      &amp#27;[31morg.springframework.security.authentication.BadCredentialsException: Bad credentials
	at org.springframework.security.authentication.dao.AbstractUserDetailsAuthenticationProvider.authenticate(AbstractUserDetailsAuthenticationProvider.java:151)
	at org.springframework.security.authentication.ProviderManager.authenticate(ProviderManager.java:199)
	at org.springframework.security.authentication.ProviderManager.authenticate(ProviderManager.java:219)
	at org.springframework.security.config.annotation.web.configuration.WebSecurityConfigurerAdapter$AuthenticationManagerDelegator.authenticate(WebSecurityConfigurerAdapter.java:524)
	at es.uclm.esi.CancelarReunionStepDefinitions.cancelo_la_reunion(CancelarReunionStepDefinitions.java:40)
	at âœ½.cancelo la reunion(file:///C:/Eclipse-cuarto/SIGET-Equipo3/src/test/java/es/uclm/esi/features/6cancelarReunion.feature:5)
&amp#27;[0m
  &amp#27;[36mThen &amp#27;[0m&amp#27;[36mla respuesta debe ser &amp#27;[0m&amp#27;[36m&amp#27;[1m200&amp#27;[0m &amp#27;[90m# es.uclm.esi.CancelarReunionStepDefinitions.la_respuesta_debe_ser(java.lang.Integer)&amp#27;[0m
]]></system-out>
  </testcase>
  <testcase name="Buen Login" classname="es.uclm.esi.RunCucumberTest" time="1.022"/>
  <testcase name="Mal Login" classname="es.uclm.esi.RunCucumberTest" time="0.236"/>
  <testcase name="Mal Login 2" classname="es.uclm.esi.RunCucumberTest" time="0.307"/>
  <testcase name="Mal Login 3" classname="es.uclm.esi.RunCucumberTest" time="0.333"/>
  <testcase name="modificar" classname="es.uclm.esi.RunCucumberTest" time="0.244"/>
  <testcase name="registro #1" classname="es.uclm.esi.RunCucumberTest" time="0.226"/>
  <testcase name="registro #2" classname="es.uclm.esi.RunCucumberTest" time="0.093"/>
  <testcase name="registro #3" classname="es.uclm.esi.RunCucumberTest" time="0.119"/>
  <testcase name="registro #4" classname="es.uclm.esi.RunCucumberTest" time="0.116"/>
  <testcase name="registro #5" classname="es.uclm.esi.RunCucumberTest" time="0.116"/>
  <testcase name="registro #6" classname="es.uclm.esi.RunCucumberTest" time="0.479">
    <error message="The given entity must not be null!" type="java.lang.IllegalArgumentException">java.lang.IllegalArgumentException: The given entity must not be null!
</error>
    <system-out><![CDATA[2020-11-28 19:32:48 - Neither @ContextConfiguration nor @ContextHierarchy found for test class [es.uclm.esi.CucumberTestContextConfiguration], using SpringBootContextLoader
2020-11-28 19:32:48 - Could not detect default resource locations for test class [es.uclm.esi.CucumberTestContextConfiguration]: no resource found for suffixes {-context.xml, Context.groovy}.
2020-11-28 19:32:48 - Could not detect default configuration classes for test class [es.uclm.esi.CucumberTestContextConfiguration]: CucumberTestContextConfiguration does not declare any static, non-private, non-final, nested classes annotated with @Configuration.
2020-11-28 19:32:48 - Found @SpringBootConfiguration es.uclm.esi.SigetApplication for test class es.uclm.esi.CucumberTestContextConfiguration
2020-11-28 19:32:48 - Loaded default TestExecutionListener class names from location [META-INF/spring.factories]: [org.springframework.boot.test.mock.mockito.MockitoTestExecutionListener, org.springframework.boot.test.mock.mockito.ResetMocksTestExecutionListener, org.springframework.boot.test.autoconfigure.restdocs.RestDocsTestExecutionListener, org.springframework.boot.test.autoconfigure.web.client.MockRestServiceServerResetTestExecutionListener, org.springframework.boot.test.autoconfigure.web.servlet.MockMvcPrintOnlyOnFailureTestExecutionListener, org.springframework.boot.test.autoconfigure.web.servlet.WebDriverTestExecutionListener, org.springframework.boot.test.autoconfigure.webservices.client.MockWebServiceServerTestExecutionListener, org.springframework.test.context.web.ServletTestExecutionListener, org.springframework.test.context.support.DirtiesContextBeforeModesTestExecutionListener, org.springframework.test.context.support.DependencyInjectionTestExecutionListener, org.springframework.test.context.support.DirtiesContextTestExecutionListener, org.springframework.test.context.transaction.TransactionalTestExecutionListener, org.springframework.test.context.jdbc.SqlScriptsTestExecutionListener, org.springframework.test.context.event.EventPublishingTestExecutionListener, org.springframework.security.test.context.support.WithSecurityContextTestExecutionListener, org.springframework.security.test.context.support.ReactorContextTestExecutionListener]
2020-11-28 19:32:48 - Using TestExecutionListeners: [org.springframework.test.context.web.ServletTestExecutionListener@2f69d246, org.springframework.test.context.support.DirtiesContextBeforeModesTestExecutionListener@5bfdc92b, org.springframework.boot.test.mock.mockito.MockitoTestExecutionListener@68dc2f53, org.springframework.boot.test.autoconfigure.SpringBootDependencyInjectionTestExecutionListener@48928b57, org.springframework.test.context.support.DirtiesContextTestExecutionListener@29088be1, org.springframework.test.context.transaction.TransactionalTestExecutionListener@1c09bb7a, org.springframework.test.context.jdbc.SqlScriptsTestExecutionListener@15a6a91f, org.springframework.test.context.event.EventPublishingTestExecutionListener@493250cf, org.springframework.security.test.context.support.WithSecurityContextTestExecutionListener@24888d8b, org.springframework.security.test.context.support.ReactorContextTestExecutionListener@750b200b, org.springframework.boot.test.mock.mockito.ResetMocksTestExecutionListener@55c581e4, org.springframework.boot.test.autoconfigure.restdocs.RestDocsTestExecutionListener@eaa07bb, org.springframework.boot.test.autoconfigure.web.client.MockRestServiceServerResetTestExecutionListener@6eae3730, org.springframework.boot.test.autoconfigure.web.servlet.MockMvcPrintOnlyOnFailureTestExecutionListener@42095996, org.springframework.boot.test.autoconfigure.web.servlet.WebDriverTestExecutionListener@3b3a3a92, org.springframework.boot.test.autoconfigure.webservices.client.MockWebServiceServerTestExecutionListener@65f36591]

Scenario Outline: registro                                                               &amp#27;[90m# src/test/java/es/uclm/esi/features/9registro.feature:16&amp#27;[0m
  &amp#27;[32mWhen &amp#27;[0m&amp#27;[32mregistro un usuario con usuario &amp#27;[0m&amp#27;[32m&amp#27;[1m"ejemplo1"&amp#27;[0m&amp#27;[32m, pass &amp#27;[0m&amp#27;[32m&amp#27;[1m"pass11"&amp#27;[0m&amp#27;[32m y email &amp#27;[0m&amp#27;[32m&amp#27;[1m"ej1@admin.com"&amp#27;[0m &amp#27;[90m# es.uclm.esi.RegistroStepDefinitions.registro_un_usuario_con_usuario_pass_y_email(java.lang.String,java.lang.String,java.lang.String)&amp#27;[0m
  &amp#27;[32mAnd &amp#27;[0m&amp#27;[32m&amp#27;[0m&amp#27;[32m&amp#27;[1m"si"&amp#27;[0m&amp#27;[32m es nuevo para borrarlo&amp#27;[0m                                                        &amp#27;[90m# es.uclm.esi.RegistroStepDefinitions.es_nuevo_para_borrarlo(java.lang.String)&amp#27;[0m
  &amp#27;[31mThen &amp#27;[0m&amp#27;[31mel mensaje sera &amp#27;[0m&amp#27;[31m&amp#27;[1m"User registered successfully!"&amp#27;[0m                                   &amp#27;[90m# es.uclm.esi.RegistroStepDefinitions.el_mensaje_sera(java.lang.String)&amp#27;[0m
      &amp#27;[31mjava.lang.IllegalArgumentException: The given entity must not be null!
	at org.springframework.util.Assert.notNull(Assert.java:201)
	at org.springframework.data.mongodb.repository.support.SimpleMongoRepository.delete(SimpleMongoRepository.java:166)
	at java.base/jdk.internal.reflect.NativeMethodAccessorImpl.invoke0(Native Method)
	at java.base/jdk.internal.reflect.NativeMethodAccessorImpl.invoke(NativeMethodAccessorImpl.java:62)
	at java.base/jdk.internal.reflect.DelegatingMethodAccessorImpl.invoke(DelegatingMethodAccessorImpl.java:43)
	at java.base/java.lang.reflect.Method.invoke(Method.java:564)
	at org.springframework.data.repository.core.support.ImplementationInvocationMetadata.invoke(ImplementationInvocationMetadata.java:72)
	at org.springframework.data.repository.core.support.RepositoryComposition$RepositoryFragments.invoke(RepositoryComposition.java:382)
	at org.springframework.data.repository.core.support.RepositoryComposition.invoke(RepositoryComposition.java:205)
	at org.springframework.data.repository.core.support.RepositoryFactorySupport$ImplementationMethodExecutionInterceptor.invoke(RepositoryFactorySupport.java:550)
	at org.springframework.aop.framework.ReflectiveMethodInvocation.proceed(ReflectiveMethodInvocation.java:186)
	at org.springframework.data.repository.core.support.QueryExecutorMethodInterceptor.doInvoke(QueryExecutorMethodInterceptor.java:155)
	at org.springframework.data.repository.core.support.QueryExecutorMethodInterceptor.invoke(QueryExecutorMethodInterceptor.java:130)
	at org.springframework.aop.framework.ReflectiveMethodInvocation.proceed(ReflectiveMethodInvocation.java:186)
	at org.springframework.data.projection.DefaultMethodInvokingMethodInterceptor.invoke(DefaultMethodInvokingMethodInterceptor.java:80)
	at org.springframework.aop.framework.ReflectiveMethodInvocation.proceed(ReflectiveMethodInvocation.java:186)
	at org.springframework.aop.interceptor.ExposeInvocationInterceptor.invoke(ExposeInvocationInterceptor.java:95)
	at org.springframework.aop.framework.ReflectiveMethodInvocation.proceed(ReflectiveMethodInvocation.java:186)
	at org.springframework.aop.framework.JdkDynamicAopProxy.invoke(JdkDynamicAopProxy.java:212)
	at com.sun.proxy.$Proxy92.delete(Unknown Source)
	at es.uclm.esi.RegistroStepDefinitions.el_mensaje_sera(RegistroStepDefinitions.java:66)
	at âœ½.el mensaje sera "User registered successfully!"(file:///C:/Eclipse-cuarto/SIGET-Equipo3/src/test/java/es/uclm/esi/features/9registro.feature:6)
&amp#27;[0m
]]></system-out>
  </testcase>
  <testcase name="registro #7" classname="es.uclm.esi.RunCucumberTest" time="0.56">
    <error message="The given entity must not be null!" type="java.lang.IllegalArgumentException">java.lang.IllegalArgumentException: The given entity must not be null!
</error>
    <system-out><![CDATA[2020-11-28 19:32:49 - Neither @ContextConfiguration nor @ContextHierarchy found for test class [es.uclm.esi.CucumberTestContextConfiguration], using SpringBootContextLoader
2020-11-28 19:32:49 - Could not detect default resource locations for test class [es.uclm.esi.CucumberTestContextConfiguration]: no resource found for suffixes {-context.xml, Context.groovy}.
2020-11-28 19:32:49 - Could not detect default configuration classes for test class [es.uclm.esi.CucumberTestContextConfiguration]: CucumberTestContextConfiguration does not declare any static, non-private, non-final, nested classes annotated with @Configuration.
2020-11-28 19:32:49 - Found @SpringBootConfiguration es.uclm.esi.SigetApplication for test class es.uclm.esi.CucumberTestContextConfiguration
2020-11-28 19:32:49 - Loaded default TestExecutionListener class names from location [META-INF/spring.factories]: [org.springframework.boot.test.mock.mockito.MockitoTestExecutionListener, org.springframework.boot.test.mock.mockito.ResetMocksTestExecutionListener, org.springframework.boot.test.autoconfigure.restdocs.RestDocsTestExecutionListener, org.springframework.boot.test.autoconfigure.web.client.MockRestServiceServerResetTestExecutionListener, org.springframework.boot.test.autoconfigure.web.servlet.MockMvcPrintOnlyOnFailureTestExecutionListener, org.springframework.boot.test.autoconfigure.web.servlet.WebDriverTestExecutionListener, org.springframework.boot.test.autoconfigure.webservices.client.MockWebServiceServerTestExecutionListener, org.springframework.test.context.web.ServletTestExecutionListener, org.springframework.test.context.support.DirtiesContextBeforeModesTestExecutionListener, org.springframework.test.context.support.DependencyInjectionTestExecutionListener, org.springframework.test.context.support.DirtiesContextTestExecutionListener, org.springframework.test.context.transaction.TransactionalTestExecutionListener, org.springframework.test.context.jdbc.SqlScriptsTestExecutionListener, org.springframework.test.context.event.EventPublishingTestExecutionListener, org.springframework.security.test.context.support.WithSecurityContextTestExecutionListener, org.springframework.security.test.context.support.ReactorContextTestExecutionListener]
2020-11-28 19:32:49 - Using TestExecutionListeners: [org.springframework.test.context.web.ServletTestExecutionListener@72b6fa98, org.springframework.test.context.support.DirtiesContextBeforeModesTestExecutionListener@1832b0f6, org.springframework.boot.test.mock.mockito.MockitoTestExecutionListener@6693818c, org.springframework.boot.test.autoconfigure.SpringBootDependencyInjectionTestExecutionListener@4281a26f, org.springframework.test.context.support.DirtiesContextTestExecutionListener@726e29d, org.springframework.test.context.transaction.TransactionalTestExecutionListener@a1e578f, org.springframework.test.context.jdbc.SqlScriptsTestExecutionListener@707b38a1, org.springframework.test.context.event.EventPublishingTestExecutionListener@3f267e1b, org.springframework.security.test.context.support.WithSecurityContextTestExecutionListener@f245168, org.springframework.security.test.context.support.ReactorContextTestExecutionListener@77fecd2c, org.springframework.boot.test.mock.mockito.ResetMocksTestExecutionListener@5ee95d42, org.springframework.boot.test.autoconfigure.restdocs.RestDocsTestExecutionListener@52b32622, org.springframework.boot.test.autoconfigure.web.client.MockRestServiceServerResetTestExecutionListener@7fb1820d, org.springframework.boot.test.autoconfigure.web.servlet.MockMvcPrintOnlyOnFailureTestExecutionListener@7e27b77a, org.springframework.boot.test.autoconfigure.web.servlet.WebDriverTestExecutionListener@6a30f6b1, org.springframework.boot.test.autoconfigure.webservices.client.MockWebServiceServerTestExecutionListener@21f94fe3]

Scenario Outline: registro                                                                     &amp#27;[90m# src/test/java/es/uclm/esi/features/9registro.feature:17&amp#27;[0m
  &amp#27;[32mWhen &amp#27;[0m&amp#27;[32mregistro un usuario con usuario &amp#27;[0m&amp#27;[32m&amp#27;[1m"2ejemplo"&amp#27;[0m&amp#27;[32m, pass &amp#27;[0m&amp#27;[32m&amp#27;[1m"2pass2"&amp#27;[0m&amp#27;[32m y email &amp#27;[0m&amp#27;[32m&amp#27;[1m"trabajador2@ej2.com"&amp#27;[0m &amp#27;[90m# es.uclm.esi.RegistroStepDefinitions.registro_un_usuario_con_usuario_pass_y_email(java.lang.String,java.lang.String,java.lang.String)&amp#27;[0m
  &amp#27;[32mAnd &amp#27;[0m&amp#27;[32m&amp#27;[0m&amp#27;[32m&amp#27;[1m"si"&amp#27;[0m&amp#27;[32m es nuevo para borrarlo&amp#27;[0m                                                              &amp#27;[90m# es.uclm.esi.RegistroStepDefinitions.es_nuevo_para_borrarlo(java.lang.String)&amp#27;[0m
  &amp#27;[31mThen &amp#27;[0m&amp#27;[31mel mensaje sera &amp#27;[0m&amp#27;[31m&amp#27;[1m"User registered successfully!"&amp#27;[0m                                         &amp#27;[90m# es.uclm.esi.RegistroStepDefinitions.el_mensaje_sera(java.lang.String)&amp#27;[0m
      &amp#27;[31mjava.lang.IllegalArgumentException: The given entity must not be null!
	at org.springframework.util.Assert.notNull(Assert.java:201)
	at org.springframework.data.mongodb.repository.support.SimpleMongoRepository.delete(SimpleMongoRepository.java:166)
	at java.base/jdk.internal.reflect.NativeMethodAccessorImpl.invoke0(Native Method)
	at java.base/jdk.internal.reflect.NativeMethodAccessorImpl.invoke(NativeMethodAccessorImpl.java:62)
	at java.base/jdk.internal.reflect.DelegatingMethodAccessorImpl.invoke(DelegatingMethodAccessorImpl.java:43)
	at java.base/java.lang.reflect.Method.invoke(Method.java:564)
	at org.springframework.data.repository.core.support.ImplementationInvocationMetadata.invoke(ImplementationInvocationMetadata.java:72)
	at org.springframework.data.repository.core.support.RepositoryComposition$RepositoryFragments.invoke(RepositoryComposition.java:382)
	at org.springframework.data.repository.core.support.RepositoryComposition.invoke(RepositoryComposition.java:205)
	at org.springframework.data.repository.core.support.RepositoryFactorySupport$ImplementationMethodExecutionInterceptor.invoke(RepositoryFactorySupport.java:550)
	at org.springframework.aop.framework.ReflectiveMethodInvocation.proceed(ReflectiveMethodInvocation.java:186)
	at org.springframework.data.repository.core.support.QueryExecutorMethodInterceptor.doInvoke(QueryExecutorMethodInterceptor.java:155)
	at org.springframework.data.repository.core.support.QueryExecutorMethodInterceptor.invoke(QueryExecutorMethodInterceptor.java:130)
	at org.springframework.aop.framework.ReflectiveMethodInvocation.proceed(ReflectiveMethodInvocation.java:186)
	at org.springframework.data.projection.DefaultMethodInvokingMethodInterceptor.invoke(DefaultMethodInvokingMethodInterceptor.java:80)
	at org.springframework.aop.framework.ReflectiveMethodInvocation.proceed(ReflectiveMethodInvocation.java:186)
	at org.springframework.aop.interceptor.ExposeInvocationInterceptor.invoke(ExposeInvocationInterceptor.java:95)
	at org.springframework.aop.framework.ReflectiveMethodInvocation.proceed(ReflectiveMethodInvocation.java:186)
	at org.springframework.aop.framework.JdkDynamicAopProxy.invoke(JdkDynamicAopProxy.java:212)
	at com.sun.proxy.$Proxy92.delete(Unknown Source)
	at es.uclm.esi.RegistroStepDefinitions.el_mensaje_sera(RegistroStepDefinitions.java:66)
	at âœ½.el mensaje sera "User registered successfully!"(file:///C:/Eclipse-cuarto/SIGET-Equipo3/src/test/java/es/uclm/esi/features/9registro.feature:6)
&amp#27;[0m
]]></system-out>
  </testcase>
</testsuite>